2024-04-27T15:29:22.569Z [Modules] Modules initializing
2024-04-27T15:29:22.569Z [Modules] Distribution: remote
2024-04-27T15:29:22.569Z [Modules] Host updates: enabled
2024-04-27T15:29:22.570Z [Modules] Module updates: enabled
2024-04-27T15:29:22.570Z [Modules] Module install path: /home/arch/.config/discord/0.0.51/modules
2024-04-27T15:29:22.570Z [Modules] Module installed file path: /home/arch/.config/discord/0.0.51/modules/installed.json
2024-04-27T15:29:22.570Z [Modules] Module download path: /home/arch/.config/discord/0.0.51/modules/pending
2024-04-27T15:29:23.084Z [Modules] Bootstrapping...
2024-04-27T15:29:23.085Z [Modules] Installing discord_desktop_core@0 from /opt/discord/resources/bootstrap/discord_desktop_core.zip
2024-04-27T15:29:23.105Z [Modules] Failed installing discord_desktop_core@0: Error: ENOENT: no such file or directory, open '/opt/discord/resources/bootstrap/discord_desktop_core.zip'
2024-04-27T15:29:23.107Z [Modules] Installing discord_erlpack@0 from /opt/discord/resources/bootstrap/discord_erlpack.zip
2024-04-27T15:29:23.127Z [Modules] Failed installing discord_erlpack@0: Error: ENOENT: no such file or directory, open '/opt/discord/resources/bootstrap/discord_erlpack.zip'
2024-04-27T15:29:23.133Z [Modules] Installing discord_spellcheck@0 from /opt/discord/resources/bootstrap/discord_spellcheck.zip
2024-04-27T15:29:23.137Z [Modules] Failed installing discord_spellcheck@0: Error: ENOENT: no such file or directory, open '/opt/discord/resources/bootstrap/discord_spellcheck.zip'
2024-04-27T15:29:23.138Z [Modules] Installing discord_utils@0 from /opt/discord/resources/bootstrap/discord_utils.zip
2024-04-27T15:29:23.141Z [Modules] Failed installing discord_utils@0: Error: ENOENT: no such file or directory, open '/opt/discord/resources/bootstrap/discord_utils.zip'
2024-04-27T15:29:23.142Z [Modules] Installing discord_voice@0 from /opt/discord/resources/bootstrap/discord_voice.zip
2024-04-27T15:29:23.145Z [Modules] Failed installing discord_voice@0: Error: ENOENT: no such file or directory, open '/opt/discord/resources/bootstrap/discord_voice.zip'
2024-04-27T15:29:23.146Z [Modules] Installing discord_zstd@0 from /opt/discord/resources/bootstrap/discord_zstd.zip
2024-04-27T15:29:23.149Z [Modules] Failed installing discord_zstd@0: Error: ENOENT: no such file or directory, open '/opt/discord/resources/bootstrap/discord_zstd.zip'
2024-04-27T15:29:23.149Z [Modules] Finished module installations. [success: 0] [failure: 6]
2024-04-27T15:29:23.150Z [Modules] Checking for host updates.
2024-04-27T15:29:29.945Z [Modules] Host is up to date.
2024-04-27T15:29:29.946Z [Modules] Checking for module updates at https://discord.com/api/modules/stable/versions.json
2024-04-27T15:29:30.059Z [Modules] Module update available: discord_desktop_core@1 [installed: 0]
2024-04-27T15:29:30.059Z [Modules] Module update available: discord_erlpack@1 [installed: 0]
2024-04-27T15:29:30.059Z [Modules] Module update available: discord_spellcheck@1 [installed: 0]
2024-04-27T15:29:30.060Z [Modules] Module update available: discord_utils@1 [installed: 0]
2024-04-27T15:29:30.060Z [Modules] Module update available: discord_voice@1 [installed: 0]
2024-04-27T15:29:30.060Z [Modules] Module update available: discord_zstd@1 [installed: 0]
2024-04-27T15:29:30.061Z [Modules] Fetching discord_desktop_core@1 from https://discord.com/api/modules/stable/discord_desktop_core/1
2024-04-27T15:29:30.061Z [Modules] Streaming discord_desktop_core@1 to /home/arch/.config/discord/0.0.51/modules/pending/discord_desktop_core-1.zip
2024-04-27T15:29:31.503Z [Modules] Streaming discord_desktop_core@1 to /home/arch/.config/discord/0.0.51/modules/pending/discord_desktop_core-1.zip: 1%
2024-04-27T15:29:31.726Z [Modules] Streaming discord_desktop_core@1 to /home/arch/.config/discord/0.0.51/modules/pending/discord_desktop_core-1.zip: 2%
2024-04-27T15:29:31.841Z [Modules] Streaming discord_desktop_core@1 to /home/arch/.config/discord/0.0.51/modules/pending/discord_desktop_core-1.zip: 3%
2024-04-27T15:29:31.965Z [Modules] Streaming discord_desktop_core@1 to /home/arch/.config/discord/0.0.51/modules/pending/discord_desktop_core-1.zip: 4%
2024-04-27T15:29:32.001Z [Modules] Streaming discord_desktop_core@1 to /home/arch/.config/discord/0.0.51/modules/pending/discord_desktop_core-1.zip: 5%
2024-04-27T15:29:32.083Z [Modules] Streaming discord_desktop_core@1 to /home/arch/.config/discord/0.0.51/modules/pending/discord_desktop_core-1.zip: 6%
2024-04-27T15:29:32.182Z [Modules] Streaming discord_desktop_core@1 to /home/arch/.config/discord/0.0.51/modules/pending/discord_desktop_core-1.zip: 7%
2024-04-27T15:29:32.231Z [Modules] Streaming discord_desktop_core@1 to /home/arch/.config/discord/0.0.51/modules/pending/discord_desktop_core-1.zip: 8%
2024-04-27T15:29:32.298Z [Modules] Streaming discord_desktop_core@1 to /home/arch/.config/discord/0.0.51/modules/pending/discord_desktop_core-1.zip: 9%
2024-04-27T15:29:32.373Z [Modules] Streaming discord_desktop_core@1 to /home/arch/.config/discord/0.0.51/modules/pending/discord_desktop_core-1.zip: 11%
2024-04-27T15:29:32.406Z [Modules] Streaming discord_desktop_core@1 to /home/arch/.config/discord/0.0.51/modules/pending/discord_desktop_core-1.zip: 12%
2024-04-27T15:29:32.432Z [Modules] Streaming discord_desktop_core@1 to /home/arch/.config/discord/0.0.51/modules/pending/discord_desktop_core-1.zip: 13%
2024-04-27T15:29:32.447Z [Modules] Streaming discord_desktop_core@1 to /home/arch/.config/discord/0.0.51/modules/pending/discord_desktop_core-1.zip: 14%
2024-04-27T15:29:32.481Z [Modules] Streaming discord_desktop_core@1 to /home/arch/.config/discord/0.0.51/modules/pending/discord_desktop_core-1.zip: 15%
2024-04-27T15:29:32.515Z [Modules] Streaming discord_desktop_core@1 to /home/arch/.config/discord/0.0.51/modules/pending/discord_desktop_core-1.zip: 16%
2024-04-27T15:29:32.611Z [Modules] Streaming discord_desktop_core@1 to /home/arch/.config/discord/0.0.51/modules/pending/discord_desktop_core-1.zip: 17%
2024-04-27T15:29:32.636Z [Modules] Streaming discord_desktop_core@1 to /home/arch/.config/discord/0.0.51/modules/pending/discord_desktop_core-1.zip: 18%
2024-04-27T15:29:32.660Z [Modules] Streaming discord_desktop_core@1 to /home/arch/.config/discord/0.0.51/modules/pending/discord_desktop_core-1.zip: 19%
2024-04-27T15:29:32.721Z [Modules] Streaming discord_desktop_core@1 to /home/arch/.config/discord/0.0.51/modules/pending/discord_desktop_core-1.zip: 20%
2024-04-27T15:29:32.733Z [Modules] Streaming discord_desktop_core@1 to /home/arch/.config/discord/0.0.51/modules/pending/discord_desktop_core-1.zip: 21%
2024-04-27T15:29:32.739Z [Modules] Streaming discord_desktop_core@1 to /home/arch/.config/discord/0.0.51/modules/pending/discord_desktop_core-1.zip: 22%
2024-04-27T15:29:32.746Z [Modules] Streaming discord_desktop_core@1 to /home/arch/.config/discord/0.0.51/modules/pending/discord_desktop_core-1.zip: 23%
2024-04-27T15:29:32.758Z [Modules] Streaming discord_desktop_core@1 to /home/arch/.config/discord/0.0.51/modules/pending/discord_desktop_core-1.zip: 24%
2024-04-27T15:29:32.771Z [Modules] Streaming discord_desktop_core@1 to /home/arch/.config/discord/0.0.51/modules/pending/discord_desktop_core-1.zip: 25%
2024-04-27T15:29:32.848Z [Modules] Streaming discord_desktop_core@1 to /home/arch/.config/discord/0.0.51/modules/pending/discord_desktop_core-1.zip: 27%
2024-04-27T15:29:32.855Z [Modules] Streaming discord_desktop_core@1 to /home/arch/.config/discord/0.0.51/modules/pending/discord_desktop_core-1.zip: 28%
2024-04-27T15:29:32.888Z [Modules] Streaming discord_desktop_core@1 to /home/arch/.config/discord/0.0.51/modules/pending/discord_desktop_core-1.zip: 29%
2024-04-27T15:29:32.921Z [Modules] Streaming discord_desktop_core@1 to /home/arch/.config/discord/0.0.51/modules/pending/discord_desktop_core-1.zip: 30%
2024-04-27T15:29:32.938Z [Modules] Streaming discord_desktop_core@1 to /home/arch/.config/discord/0.0.51/modules/pending/discord_desktop_core-1.zip: 31%
2024-04-27T15:29:33.031Z [Modules] Streaming discord_desktop_core@1 to /home/arch/.config/discord/0.0.51/modules/pending/discord_desktop_core-1.zip: 32%
2024-04-27T15:29:33.043Z [Modules] Streaming discord_desktop_core@1 to /home/arch/.config/discord/0.0.51/modules/pending/discord_desktop_core-1.zip: 34%
2024-04-27T15:29:33.049Z [Modules] Streaming discord_desktop_core@1 to /home/arch/.config/discord/0.0.51/modules/pending/discord_desktop_core-1.zip: 35%
2024-04-27T15:29:33.054Z [Modules] Streaming discord_desktop_core@1 to /home/arch/.config/discord/0.0.51/modules/pending/discord_desktop_core-1.zip: 36%
2024-04-27T15:29:33.077Z [Modules] Streaming discord_desktop_core@1 to /home/arch/.config/discord/0.0.51/modules/pending/discord_desktop_core-1.zip: 37%
2024-04-27T15:29:33.092Z [Modules] Streaming discord_desktop_core@1 to /home/arch/.config/discord/0.0.51/modules/pending/discord_desktop_core-1.zip: 38%
2024-04-27T15:29:33.166Z [Modules] Streaming discord_desktop_core@1 to /home/arch/.config/discord/0.0.51/modules/pending/discord_desktop_core-1.zip: 39%
2024-04-27T15:29:33.178Z [Modules] Streaming discord_desktop_core@1 to /home/arch/.config/discord/0.0.51/modules/pending/discord_desktop_core-1.zip: 40%
2024-04-27T15:29:33.182Z [Modules] Streaming discord_desktop_core@1 to /home/arch/.config/discord/0.0.51/modules/pending/discord_desktop_core-1.zip: 41%
2024-04-27T15:29:33.185Z [Modules] Streaming discord_desktop_core@1 to /home/arch/.config/discord/0.0.51/modules/pending/discord_desktop_core-1.zip: 42%
2024-04-27T15:29:33.803Z [Modules] Streaming discord_desktop_core@1 to /home/arch/.config/discord/0.0.51/modules/pending/discord_desktop_core-1.zip: 45%
2024-04-27T15:29:33.805Z [Modules] Streaming discord_desktop_core@1 to /home/arch/.config/discord/0.0.51/modules/pending/discord_desktop_core-1.zip: 51%
2024-04-27T15:29:33.809Z [Modules] Streaming discord_desktop_core@1 to /home/arch/.config/discord/0.0.51/modules/pending/discord_desktop_core-1.zip: 64%
2024-04-27T15:29:33.812Z [Modules] Streaming discord_desktop_core@1 to /home/arch/.config/discord/0.0.51/modules/pending/discord_desktop_core-1.zip: 67%
2024-04-27T15:29:33.814Z [Modules] Streaming discord_desktop_core@1 to /home/arch/.config/discord/0.0.51/modules/pending/discord_desktop_core-1.zip: 72%
2024-04-27T15:29:33.825Z [Modules] Streaming discord_desktop_core@1 to /home/arch/.config/discord/0.0.51/modules/pending/discord_desktop_core-1.zip: 73%
2024-04-27T15:29:33.832Z [Modules] Streaming discord_desktop_core@1 to /home/arch/.config/discord/0.0.51/modules/pending/discord_desktop_core-1.zip: 74%
2024-04-27T15:29:33.866Z [Modules] Streaming discord_desktop_core@1 to /home/arch/.config/discord/0.0.51/modules/pending/discord_desktop_core-1.zip: 76%
2024-04-27T15:29:34.196Z [Modules] Streaming discord_desktop_core@1 to /home/arch/.config/discord/0.0.51/modules/pending/discord_desktop_core-1.zip: 77%
2024-04-27T15:29:34.199Z [Modules] Streaming discord_desktop_core@1 to /home/arch/.config/discord/0.0.51/modules/pending/discord_desktop_core-1.zip: 80%
2024-04-27T15:29:34.201Z [Modules] Streaming discord_desktop_core@1 to /home/arch/.config/discord/0.0.51/modules/pending/discord_desktop_core-1.zip: 85%
2024-04-27T15:29:34.249Z [Modules] Streaming discord_desktop_core@1 to /home/arch/.config/discord/0.0.51/modules/pending/discord_desktop_core-1.zip: 87%
2024-04-27T15:29:34.257Z [Modules] Streaming discord_desktop_core@1 to /home/arch/.config/discord/0.0.51/modules/pending/discord_desktop_core-1.zip: 88%
2024-04-27T15:29:34.267Z [Modules] Streaming discord_desktop_core@1 to /home/arch/.config/discord/0.0.51/modules/pending/discord_desktop_core-1.zip: 91%
2024-04-27T15:29:34.268Z [Modules] Streaming discord_desktop_core@1 to /home/arch/.config/discord/0.0.51/modules/pending/discord_desktop_core-1.zip: 94%
2024-04-27T15:29:34.269Z [Modules] Streaming discord_desktop_core@1 to /home/arch/.config/discord/0.0.51/modules/pending/discord_desktop_core-1.zip: 100%
2024-04-27T15:29:34.271Z [Modules] Fetching discord_erlpack@1 from https://discord.com/api/modules/stable/discord_erlpack/1
2024-04-27T15:29:34.271Z [Modules] Streaming discord_erlpack@1 to /home/arch/.config/discord/0.0.51/modules/pending/discord_erlpack-1.zip
2024-04-27T15:29:34.902Z [Modules] Streaming discord_erlpack@1 to /home/arch/.config/discord/0.0.51/modules/pending/discord_erlpack-1.zip: 1%
2024-04-27T15:29:34.915Z [Modules] Streaming discord_erlpack@1 to /home/arch/.config/discord/0.0.51/modules/pending/discord_erlpack-1.zip: 2%
2024-04-27T15:29:34.926Z [Modules] Streaming discord_erlpack@1 to /home/arch/.config/discord/0.0.51/modules/pending/discord_erlpack-1.zip: 3%
2024-04-27T15:29:34.935Z [Modules] Streaming discord_erlpack@1 to /home/arch/.config/discord/0.0.51/modules/pending/discord_erlpack-1.zip: 4%
2024-04-27T15:29:34.955Z [Modules] Streaming discord_erlpack@1 to /home/arch/.config/discord/0.0.51/modules/pending/discord_erlpack-1.zip: 5%
2024-04-27T15:29:34.998Z [Modules] Streaming discord_erlpack@1 to /home/arch/.config/discord/0.0.51/modules/pending/discord_erlpack-1.zip: 7%
2024-04-27T15:29:35.004Z [Modules] Streaming discord_erlpack@1 to /home/arch/.config/discord/0.0.51/modules/pending/discord_erlpack-1.zip: 8%
2024-04-27T15:29:35.015Z [Modules] Streaming discord_erlpack@1 to /home/arch/.config/discord/0.0.51/modules/pending/discord_erlpack-1.zip: 10%
2024-04-27T15:29:35.026Z [Modules] Streaming discord_erlpack@1 to /home/arch/.config/discord/0.0.51/modules/pending/discord_erlpack-1.zip: 11%
2024-04-27T15:29:35.054Z [Modules] Streaming discord_erlpack@1 to /home/arch/.config/discord/0.0.51/modules/pending/discord_erlpack-1.zip: 12%
2024-04-27T15:29:35.063Z [Modules] Streaming discord_erlpack@1 to /home/arch/.config/discord/0.0.51/modules/pending/discord_erlpack-1.zip: 13%
2024-04-27T15:29:35.078Z [Modules] Streaming discord_erlpack@1 to /home/arch/.config/discord/0.0.51/modules/pending/discord_erlpack-1.zip: 14%
2024-04-27T15:29:35.087Z [Modules] Streaming discord_erlpack@1 to /home/arch/.config/discord/0.0.51/modules/pending/discord_erlpack-1.zip: 15%
2024-04-27T15:29:35.109Z [Modules] Streaming discord_erlpack@1 to /home/arch/.config/discord/0.0.51/modules/pending/discord_erlpack-1.zip: 16%
2024-04-27T15:29:35.115Z [Modules] Streaming discord_erlpack@1 to /home/arch/.config/discord/0.0.51/modules/pending/discord_erlpack-1.zip: 17%
2024-04-27T15:29:35.137Z [Modules] Streaming discord_erlpack@1 to /home/arch/.config/discord/0.0.51/modules/pending/discord_erlpack-1.zip: 18%
2024-04-27T15:29:35.140Z [Modules] Streaming discord_erlpack@1 to /home/arch/.config/discord/0.0.51/modules/pending/discord_erlpack-1.zip: 19%
2024-04-27T15:29:35.159Z [Modules] Streaming discord_erlpack@1 to /home/arch/.config/discord/0.0.51/modules/pending/discord_erlpack-1.zip: 20%
2024-04-27T15:29:35.167Z [Modules] Streaming discord_erlpack@1 to /home/arch/.config/discord/0.0.51/modules/pending/discord_erlpack-1.zip: 21%
2024-04-27T15:29:35.485Z [Modules] Streaming discord_erlpack@1 to /home/arch/.config/discord/0.0.51/modules/pending/discord_erlpack-1.zip: 23%
2024-04-27T15:29:35.492Z [Modules] Streaming discord_erlpack@1 to /home/arch/.config/discord/0.0.51/modules/pending/discord_erlpack-1.zip: 25%
2024-04-27T15:29:35.505Z [Modules] Streaming discord_erlpack@1 to /home/arch/.config/discord/0.0.51/modules/pending/discord_erlpack-1.zip: 26%
2024-04-27T15:29:35.525Z [Modules] Streaming discord_erlpack@1 to /home/arch/.config/discord/0.0.51/modules/pending/discord_erlpack-1.zip: 27%
2024-04-27T15:29:35.527Z [Modules] Streaming discord_erlpack@1 to /home/arch/.config/discord/0.0.51/modules/pending/discord_erlpack-1.zip: 30%
2024-04-27T15:29:35.529Z [Modules] Streaming discord_erlpack@1 to /home/arch/.config/discord/0.0.51/modules/pending/discord_erlpack-1.zip: 32%
2024-04-27T15:29:35.531Z [Modules] Streaming discord_erlpack@1 to /home/arch/.config/discord/0.0.51/modules/pending/discord_erlpack-1.zip: 33%
2024-04-27T15:29:35.534Z [Modules] Streaming discord_erlpack@1 to /home/arch/.config/discord/0.0.51/modules/pending/discord_erlpack-1.zip: 36%
2024-04-27T15:29:35.535Z [Modules] Streaming discord_erlpack@1 to /home/arch/.config/discord/0.0.51/modules/pending/discord_erlpack-1.zip: 37%
2024-04-27T15:29:35.558Z [Modules] Streaming discord_erlpack@1 to /home/arch/.config/discord/0.0.51/modules/pending/discord_erlpack-1.zip: 38%
2024-04-27T15:29:35.579Z [Modules] Streaming discord_erlpack@1 to /home/arch/.config/discord/0.0.51/modules/pending/discord_erlpack-1.zip: 39%
2024-04-27T15:29:35.582Z [Modules] Streaming discord_erlpack@1 to /home/arch/.config/discord/0.0.51/modules/pending/discord_erlpack-1.zip: 41%
2024-04-27T15:29:35.594Z [Modules] Streaming discord_erlpack@1 to /home/arch/.config/discord/0.0.51/modules/pending/discord_erlpack-1.zip: 42%
2024-04-27T15:29:35.604Z [Modules] Streaming discord_erlpack@1 to /home/arch/.config/discord/0.0.51/modules/pending/discord_erlpack-1.zip: 43%
2024-04-27T15:29:35.614Z [Modules] Streaming discord_erlpack@1 to /home/arch/.config/discord/0.0.51/modules/pending/discord_erlpack-1.zip: 44%
2024-04-27T15:29:35.615Z [Modules] Streaming discord_erlpack@1 to /home/arch/.config/discord/0.0.51/modules/pending/discord_erlpack-1.zip: 51%
2024-04-27T15:29:35.635Z [Modules] Streaming discord_erlpack@1 to /home/arch/.config/discord/0.0.51/modules/pending/discord_erlpack-1.zip: 52%
2024-04-27T15:29:35.648Z [Modules] Streaming discord_erlpack@1 to /home/arch/.config/discord/0.0.51/modules/pending/discord_erlpack-1.zip: 53%
2024-04-27T15:29:35.684Z [Modules] Streaming discord_erlpack@1 to /home/arch/.config/discord/0.0.51/modules/pending/discord_erlpack-1.zip: 54%
2024-04-27T15:29:35.693Z [Modules] Streaming discord_erlpack@1 to /home/arch/.config/discord/0.0.51/modules/pending/discord_erlpack-1.zip: 55%
2024-04-27T15:29:35.711Z [Modules] Streaming discord_erlpack@1 to /home/arch/.config/discord/0.0.51/modules/pending/discord_erlpack-1.zip: 57%
2024-04-27T15:29:35.734Z [Modules] Streaming discord_erlpack@1 to /home/arch/.config/discord/0.0.51/modules/pending/discord_erlpack-1.zip: 58%
2024-04-27T15:29:35.797Z [Modules] Streaming discord_erlpack@1 to /home/arch/.config/discord/0.0.51/modules/pending/discord_erlpack-1.zip: 59%
2024-04-27T15:29:35.802Z [Modules] Streaming discord_erlpack@1 to /home/arch/.config/discord/0.0.51/modules/pending/discord_erlpack-1.zip: 61%
2024-04-27T15:29:35.812Z [Modules] Streaming discord_erlpack@1 to /home/arch/.config/discord/0.0.51/modules/pending/discord_erlpack-1.zip: 62%
2024-04-27T15:29:35.815Z [Modules] Streaming discord_erlpack@1 to /home/arch/.config/discord/0.0.51/modules/pending/discord_erlpack-1.zip: 63%
2024-04-27T15:29:35.824Z [Modules] Streaming discord_erlpack@1 to /home/arch/.config/discord/0.0.51/modules/pending/discord_erlpack-1.zip: 65%
2024-04-27T15:29:35.831Z [Modules] Streaming discord_erlpack@1 to /home/arch/.config/discord/0.0.51/modules/pending/discord_erlpack-1.zip: 66%
2024-04-27T15:29:36.817Z [Modules] Streaming discord_erlpack@1 to /home/arch/.config/discord/0.0.51/modules/pending/discord_erlpack-1.zip: 69%
2024-04-27T15:29:36.818Z [Modules] Streaming discord_erlpack@1 to /home/arch/.config/discord/0.0.51/modules/pending/discord_erlpack-1.zip: 72%
2024-04-27T15:29:36.826Z [Modules] Streaming discord_erlpack@1 to /home/arch/.config/discord/0.0.51/modules/pending/discord_erlpack-1.zip: 75%
2024-04-27T15:29:36.828Z [Modules] Streaming discord_erlpack@1 to /home/arch/.config/discord/0.0.51/modules/pending/discord_erlpack-1.zip: 79%
2024-04-27T15:29:36.865Z [Modules] Streaming discord_erlpack@1 to /home/arch/.config/discord/0.0.51/modules/pending/discord_erlpack-1.zip: 81%
2024-04-27T15:29:36.874Z [Modules] Streaming discord_erlpack@1 to /home/arch/.config/discord/0.0.51/modules/pending/discord_erlpack-1.zip: 82%
2024-04-27T15:29:36.879Z [Modules] Streaming discord_erlpack@1 to /home/arch/.config/discord/0.0.51/modules/pending/discord_erlpack-1.zip: 83%
2024-04-27T15:29:36.957Z [Modules] Streaming discord_erlpack@1 to /home/arch/.config/discord/0.0.51/modules/pending/discord_erlpack-1.zip: 84%
2024-04-27T15:29:36.961Z [Modules] Streaming discord_erlpack@1 to /home/arch/.config/discord/0.0.51/modules/pending/discord_erlpack-1.zip: 85%
2024-04-27T15:29:36.972Z [Modules] Streaming discord_erlpack@1 to /home/arch/.config/discord/0.0.51/modules/pending/discord_erlpack-1.zip: 86%
2024-04-27T15:29:36.996Z [Modules] Streaming discord_erlpack@1 to /home/arch/.config/discord/0.0.51/modules/pending/discord_erlpack-1.zip: 87%
2024-04-27T15:29:37.023Z [Modules] Streaming discord_erlpack@1 to /home/arch/.config/discord/0.0.51/modules/pending/discord_erlpack-1.zip: 88%
2024-04-27T15:29:37.026Z [Modules] Streaming discord_erlpack@1 to /home/arch/.config/discord/0.0.51/modules/pending/discord_erlpack-1.zip: 89%
2024-04-27T15:29:37.184Z [Modules] Streaming discord_erlpack@1 to /home/arch/.config/discord/0.0.51/modules/pending/discord_erlpack-1.zip: 90%
2024-04-27T15:29:37.187Z [Modules] Streaming discord_erlpack@1 to /home/arch/.config/discord/0.0.51/modules/pending/discord_erlpack-1.zip: 91%
2024-04-27T15:29:37.236Z [Modules] Streaming discord_erlpack@1 to /home/arch/.config/discord/0.0.51/modules/pending/discord_erlpack-1.zip: 92%
2024-04-27T15:29:37.244Z [Modules] Streaming discord_erlpack@1 to /home/arch/.config/discord/0.0.51/modules/pending/discord_erlpack-1.zip: 94%
2024-04-27T15:29:37.296Z [Modules] Streaming discord_erlpack@1 to /home/arch/.config/discord/0.0.51/modules/pending/discord_erlpack-1.zip: 97%
2024-04-27T15:29:37.301Z [Modules] Streaming discord_erlpack@1 to /home/arch/.config/discord/0.0.51/modules/pending/discord_erlpack-1.zip: 98%
2024-04-27T15:29:37.326Z [Modules] Streaming discord_erlpack@1 to /home/arch/.config/discord/0.0.51/modules/pending/discord_erlpack-1.zip: 100%
2024-04-27T15:29:37.328Z [Modules] Fetching discord_spellcheck@1 from https://discord.com/api/modules/stable/discord_spellcheck/1
2024-04-27T15:29:37.328Z [Modules] Streaming discord_spellcheck@1 to /home/arch/.config/discord/0.0.51/modules/pending/discord_spellcheck-1.zip
2024-04-27T15:29:38.007Z [Modules] Streaming discord_spellcheck@1 to /home/arch/.config/discord/0.0.51/modules/pending/discord_spellcheck-1.zip: 1%
2024-04-27T15:29:38.107Z [Modules] Streaming discord_spellcheck@1 to /home/arch/.config/discord/0.0.51/modules/pending/discord_spellcheck-1.zip: 2%
2024-04-27T15:29:38.255Z [Modules] Streaming discord_spellcheck@1 to /home/arch/.config/discord/0.0.51/modules/pending/discord_spellcheck-1.zip: 3%
2024-04-27T15:29:38.340Z [Modules] Streaming discord_spellcheck@1 to /home/arch/.config/discord/0.0.51/modules/pending/discord_spellcheck-1.zip: 4%
2024-04-27T15:29:38.400Z [Modules] Streaming discord_spellcheck@1 to /home/arch/.config/discord/0.0.51/modules/pending/discord_spellcheck-1.zip: 5%
2024-04-27T15:29:38.504Z [Modules] Streaming discord_spellcheck@1 to /home/arch/.config/discord/0.0.51/modules/pending/discord_spellcheck-1.zip: 6%
2024-04-27T15:29:38.882Z [Modules] Streaming discord_spellcheck@1 to /home/arch/.config/discord/0.0.51/modules/pending/discord_spellcheck-1.zip: 7%
2024-04-27T15:29:38.883Z [Modules] Streaming discord_spellcheck@1 to /home/arch/.config/discord/0.0.51/modules/pending/discord_spellcheck-1.zip: 8%
2024-04-27T15:29:39.286Z [Modules] Streaming discord_spellcheck@1 to /home/arch/.config/discord/0.0.51/modules/pending/discord_spellcheck-1.zip: 9%
2024-04-27T15:29:39.293Z [Modules] Streaming discord_spellcheck@1 to /home/arch/.config/discord/0.0.51/modules/pending/discord_spellcheck-1.zip: 10%
2024-04-27T15:29:39.295Z [Modules] Streaming discord_spellcheck@1 to /home/arch/.config/discord/0.0.51/modules/pending/discord_spellcheck-1.zip: 11%
2024-04-27T15:29:39.296Z [Modules] Streaming discord_spellcheck@1 to /home/arch/.config/discord/0.0.51/modules/pending/discord_spellcheck-1.zip: 14%
2024-04-27T15:29:39.298Z [Modules] Streaming discord_spellcheck@1 to /home/arch/.config/discord/0.0.51/modules/pending/discord_spellcheck-1.zip: 15%
2024-04-27T15:29:39.389Z [Modules] Streaming discord_spellcheck@1 to /home/arch/.config/discord/0.0.51/modules/pending/discord_spellcheck-1.zip: 16%
2024-04-27T15:29:39.460Z [Modules] Streaming discord_spellcheck@1 to /home/arch/.config/discord/0.0.51/modules/pending/discord_spellcheck-1.zip: 17%
2024-04-27T15:29:39.531Z [Modules] Streaming discord_spellcheck@1 to /home/arch/.config/discord/0.0.51/modules/pending/discord_spellcheck-1.zip: 18%
2024-04-27T15:29:40.008Z [Modules] Streaming discord_spellcheck@1 to /home/arch/.config/discord/0.0.51/modules/pending/discord_spellcheck-1.zip: 19%
2024-04-27T15:29:40.009Z [Modules] Streaming discord_spellcheck@1 to /home/arch/.config/discord/0.0.51/modules/pending/discord_spellcheck-1.zip: 20%
2024-04-27T15:29:40.020Z [Modules] Streaming discord_spellcheck@1 to /home/arch/.config/discord/0.0.51/modules/pending/discord_spellcheck-1.zip: 21%
2024-04-27T15:29:40.091Z [Modules] Streaming discord_spellcheck@1 to /home/arch/.config/discord/0.0.51/modules/pending/discord_spellcheck-1.zip: 22%
2024-04-27T15:29:40.211Z [Modules] Streaming discord_spellcheck@1 to /home/arch/.config/discord/0.0.51/modules/pending/discord_spellcheck-1.zip: 23%
2024-04-27T15:29:40.311Z [Modules] Streaming discord_spellcheck@1 to /home/arch/.config/discord/0.0.51/modules/pending/discord_spellcheck-1.zip: 24%
2024-04-27T15:29:40.366Z [Modules] Streaming discord_spellcheck@1 to /home/arch/.config/discord/0.0.51/modules/pending/discord_spellcheck-1.zip: 25%
2024-04-27T15:29:40.453Z [Modules] Streaming discord_spellcheck@1 to /home/arch/.config/discord/0.0.51/modules/pending/discord_spellcheck-1.zip: 26%
2024-04-27T15:29:40.550Z [Modules] Streaming discord_spellcheck@1 to /home/arch/.config/discord/0.0.51/modules/pending/discord_spellcheck-1.zip: 27%
2024-04-27T15:29:40.683Z [Modules] Streaming discord_spellcheck@1 to /home/arch/.config/discord/0.0.51/modules/pending/discord_spellcheck-1.zip: 28%
2024-04-27T15:29:41.348Z [Modules] Streaming discord_spellcheck@1 to /home/arch/.config/discord/0.0.51/modules/pending/discord_spellcheck-1.zip: 29%
2024-04-27T15:29:41.520Z [Modules] Streaming discord_spellcheck@1 to /home/arch/.config/discord/0.0.51/modules/pending/discord_spellcheck-1.zip: 30%
2024-04-27T15:29:41.521Z [Modules] Streaming discord_spellcheck@1 to /home/arch/.config/discord/0.0.51/modules/pending/discord_spellcheck-1.zip: 31%
2024-04-27T15:29:41.525Z [Modules] Streaming discord_spellcheck@1 to /home/arch/.config/discord/0.0.51/modules/pending/discord_spellcheck-1.zip: 33%
2024-04-27T15:29:41.526Z [Modules] Streaming discord_spellcheck@1 to /home/arch/.config/discord/0.0.51/modules/pending/discord_spellcheck-1.zip: 35%
2024-04-27T15:29:42.094Z [Modules] Streaming discord_spellcheck@1 to /home/arch/.config/discord/0.0.51/modules/pending/discord_spellcheck-1.zip: 36%
2024-04-27T15:29:42.097Z [Modules] Streaming discord_spellcheck@1 to /home/arch/.config/discord/0.0.51/modules/pending/discord_spellcheck-1.zip: 37%
2024-04-27T15:29:42.456Z [Modules] Streaming discord_spellcheck@1 to /home/arch/.config/discord/0.0.51/modules/pending/discord_spellcheck-1.zip: 38%
2024-04-27T15:29:42.463Z [Modules] Streaming discord_spellcheck@1 to /home/arch/.config/discord/0.0.51/modules/pending/discord_spellcheck-1.zip: 39%
2024-04-27T15:29:42.464Z [Modules] Streaming discord_spellcheck@1 to /home/arch/.config/discord/0.0.51/modules/pending/discord_spellcheck-1.zip: 41%
2024-04-27T15:29:42.466Z [Modules] Streaming discord_spellcheck@1 to /home/arch/.config/discord/0.0.51/modules/pending/discord_spellcheck-1.zip: 43%
2024-04-27T15:29:42.745Z [Modules] Streaming discord_spellcheck@1 to /home/arch/.config/discord/0.0.51/modules/pending/discord_spellcheck-1.zip: 44%
2024-04-27T15:29:42.746Z [Modules] Streaming discord_spellcheck@1 to /home/arch/.config/discord/0.0.51/modules/pending/discord_spellcheck-1.zip: 46%
2024-04-27T15:29:42.907Z [Modules] Streaming discord_spellcheck@1 to /home/arch/.config/discord/0.0.51/modules/pending/discord_spellcheck-1.zip: 47%
2024-04-27T15:29:42.910Z [Modules] Streaming discord_spellcheck@1 to /home/arch/.config/discord/0.0.51/modules/pending/discord_spellcheck-1.zip: 48%
2024-04-27T15:29:42.918Z [Modules] Streaming discord_spellcheck@1 to /home/arch/.config/discord/0.0.51/modules/pending/discord_spellcheck-1.zip: 49%
2024-04-27T15:29:43.053Z [Modules] Streaming discord_spellcheck@1 to /home/arch/.config/discord/0.0.51/modules/pending/discord_spellcheck-1.zip: 50%
2024-04-27T15:29:43.169Z [Modules] Streaming discord_spellcheck@1 to /home/arch/.config/discord/0.0.51/modules/pending/discord_spellcheck-1.zip: 51%
2024-04-27T15:29:43.277Z [Modules] Streaming discord_spellcheck@1 to /home/arch/.config/discord/0.0.51/modules/pending/discord_spellcheck-1.zip: 52%
2024-04-27T15:29:43.435Z [Modules] Streaming discord_spellcheck@1 to /home/arch/.config/discord/0.0.51/modules/pending/discord_spellcheck-1.zip: 53%
2024-04-27T15:29:43.532Z [Modules] Streaming discord_spellcheck@1 to /home/arch/.config/discord/0.0.51/modules/pending/discord_spellcheck-1.zip: 54%
2024-04-27T15:29:43.644Z [Modules] Streaming discord_spellcheck@1 to /home/arch/.config/discord/0.0.51/modules/pending/discord_spellcheck-1.zip: 55%
2024-04-27T15:29:43.747Z [Modules] Streaming discord_spellcheck@1 to /home/arch/.config/discord/0.0.51/modules/pending/discord_spellcheck-1.zip: 56%
2024-04-27T15:29:43.853Z [Modules] Streaming discord_spellcheck@1 to /home/arch/.config/discord/0.0.51/modules/pending/discord_spellcheck-1.zip: 57%
2024-04-27T15:29:43.982Z [Modules] Streaming discord_spellcheck@1 to /home/arch/.config/discord/0.0.51/modules/pending/discord_spellcheck-1.zip: 58%
2024-04-27T15:29:44.418Z [Modules] Streaming discord_spellcheck@1 to /home/arch/.config/discord/0.0.51/modules/pending/discord_spellcheck-1.zip: 59%
2024-04-27T15:29:44.419Z [Modules] Streaming discord_spellcheck@1 to /home/arch/.config/discord/0.0.51/modules/pending/discord_spellcheck-1.zip: 60%
2024-04-27T15:29:44.611Z [Modules] Streaming discord_spellcheck@1 to /home/arch/.config/discord/0.0.51/modules/pending/discord_spellcheck-1.zip: 61%
2024-04-27T15:29:44.614Z [Modules] Streaming discord_spellcheck@1 to /home/arch/.config/discord/0.0.51/modules/pending/discord_spellcheck-1.zip: 62%
2024-04-27T15:29:44.616Z [Modules] Streaming discord_spellcheck@1 to /home/arch/.config/discord/0.0.51/modules/pending/discord_spellcheck-1.zip: 63%
2024-04-27T15:29:44.723Z [Modules] Streaming discord_spellcheck@1 to /home/arch/.config/discord/0.0.51/modules/pending/discord_spellcheck-1.zip: 64%
2024-04-27T15:29:44.835Z [Modules] Streaming discord_spellcheck@1 to /home/arch/.config/discord/0.0.51/modules/pending/discord_spellcheck-1.zip: 65%
2024-04-27T15:29:44.981Z [Modules] Streaming discord_spellcheck@1 to /home/arch/.config/discord/0.0.51/modules/pending/discord_spellcheck-1.zip: 66%
2024-04-27T15:29:45.085Z [Modules] Streaming discord_spellcheck@1 to /home/arch/.config/discord/0.0.51/modules/pending/discord_spellcheck-1.zip: 67%
2024-04-27T15:29:45.219Z [Modules] Streaming discord_spellcheck@1 to /home/arch/.config/discord/0.0.51/modules/pending/discord_spellcheck-1.zip: 68%
2024-04-27T15:29:45.656Z [Modules] Streaming discord_spellcheck@1 to /home/arch/.config/discord/0.0.51/modules/pending/discord_spellcheck-1.zip: 69%
2024-04-27T15:29:45.819Z [Modules] Streaming discord_spellcheck@1 to /home/arch/.config/discord/0.0.51/modules/pending/discord_spellcheck-1.zip: 70%
2024-04-27T15:29:45.855Z [Modules] Streaming discord_spellcheck@1 to /home/arch/.config/discord/0.0.51/modules/pending/discord_spellcheck-1.zip: 71%
2024-04-27T15:29:45.974Z [Modules] Streaming discord_spellcheck@1 to /home/arch/.config/discord/0.0.51/modules/pending/discord_spellcheck-1.zip: 72%
2024-04-27T15:29:46.100Z [Modules] Streaming discord_spellcheck@1 to /home/arch/.config/discord/0.0.51/modules/pending/discord_spellcheck-1.zip: 73%
2024-04-27T15:29:46.222Z [Modules] Streaming discord_spellcheck@1 to /home/arch/.config/discord/0.0.51/modules/pending/discord_spellcheck-1.zip: 74%
2024-04-27T15:29:46.350Z [Modules] Streaming discord_spellcheck@1 to /home/arch/.config/discord/0.0.51/modules/pending/discord_spellcheck-1.zip: 75%
2024-04-27T15:29:46.493Z [Modules] Streaming discord_spellcheck@1 to /home/arch/.config/discord/0.0.51/modules/pending/discord_spellcheck-1.zip: 76%
2024-04-27T15:29:46.642Z [Modules] Streaming discord_spellcheck@1 to /home/arch/.config/discord/0.0.51/modules/pending/discord_spellcheck-1.zip: 77%
2024-04-27T15:29:46.796Z [Modules] Streaming discord_spellcheck@1 to /home/arch/.config/discord/0.0.51/modules/pending/discord_spellcheck-1.zip: 78%
2024-04-27T15:29:47.234Z [Modules] Streaming discord_spellcheck@1 to /home/arch/.config/discord/0.0.51/modules/pending/discord_spellcheck-1.zip: 79%
2024-04-27T15:29:47.363Z [Modules] Streaming discord_spellcheck@1 to /home/arch/.config/discord/0.0.51/modules/pending/discord_spellcheck-1.zip: 80%
2024-04-27T15:29:47.434Z [Modules] Streaming discord_spellcheck@1 to /home/arch/.config/discord/0.0.51/modules/pending/discord_spellcheck-1.zip: 81%
2024-04-27T15:29:47.435Z [Modules] Streaming discord_spellcheck@1 to /home/arch/.config/discord/0.0.51/modules/pending/discord_spellcheck-1.zip: 82%
2024-04-27T15:29:47.711Z [Modules] Streaming discord_spellcheck@1 to /home/arch/.config/discord/0.0.51/modules/pending/discord_spellcheck-1.zip: 83%
2024-04-27T15:29:47.712Z [Modules] Streaming discord_spellcheck@1 to /home/arch/.config/discord/0.0.51/modules/pending/discord_spellcheck-1.zip: 84%
2024-04-27T15:29:47.744Z [Modules] Streaming discord_spellcheck@1 to /home/arch/.config/discord/0.0.51/modules/pending/discord_spellcheck-1.zip: 85%
2024-04-27T15:29:47.842Z [Modules] Streaming discord_spellcheck@1 to /home/arch/.config/discord/0.0.51/modules/pending/discord_spellcheck-1.zip: 86%
2024-04-27T15:29:47.989Z [Modules] Streaming discord_spellcheck@1 to /home/arch/.config/discord/0.0.51/modules/pending/discord_spellcheck-1.zip: 87%
2024-04-27T15:29:48.115Z [Modules] Streaming discord_spellcheck@1 to /home/arch/.config/discord/0.0.51/modules/pending/discord_spellcheck-1.zip: 88%
2024-04-27T15:29:48.234Z [Modules] Streaming discord_spellcheck@1 to /home/arch/.config/discord/0.0.51/modules/pending/discord_spellcheck-1.zip: 89%
2024-04-27T15:29:48.357Z [Modules] Streaming discord_spellcheck@1 to /home/arch/.config/discord/0.0.51/modules/pending/discord_spellcheck-1.zip: 90%
2024-04-27T15:29:48.443Z [Modules] Streaming discord_spellcheck@1 to /home/arch/.config/discord/0.0.51/modules/pending/discord_spellcheck-1.zip: 91%
2024-04-27T15:29:48.635Z [Modules] Streaming discord_spellcheck@1 to /home/arch/.config/discord/0.0.51/modules/pending/discord_spellcheck-1.zip: 92%
2024-04-27T15:29:48.717Z [Modules] Streaming discord_spellcheck@1 to /home/arch/.config/discord/0.0.51/modules/pending/discord_spellcheck-1.zip: 93%
2024-04-27T15:29:48.904Z [Modules] Streaming discord_spellcheck@1 to /home/arch/.config/discord/0.0.51/modules/pending/discord_spellcheck-1.zip: 94%
2024-04-27T15:29:49.231Z [Modules] Streaming discord_spellcheck@1 to /home/arch/.config/discord/0.0.51/modules/pending/discord_spellcheck-1.zip: 95%
2024-04-27T15:29:49.442Z [Modules] Streaming discord_spellcheck@1 to /home/arch/.config/discord/0.0.51/modules/pending/discord_spellcheck-1.zip: 96%
2024-04-27T15:29:49.444Z [Modules] Streaming discord_spellcheck@1 to /home/arch/.config/discord/0.0.51/modules/pending/discord_spellcheck-1.zip: 97%
2024-04-27T15:29:49.451Z [Modules] Streaming discord_spellcheck@1 to /home/arch/.config/discord/0.0.51/modules/pending/discord_spellcheck-1.zip: 98%
2024-04-27T15:29:49.497Z [Modules] Streaming discord_spellcheck@1 to /home/arch/.config/discord/0.0.51/modules/pending/discord_spellcheck-1.zip: 99%
2024-04-27T15:29:49.737Z [Modules] Streaming discord_spellcheck@1 to /home/arch/.config/discord/0.0.51/modules/pending/discord_spellcheck-1.zip: 100%
2024-04-27T15:29:49.740Z [Modules] Fetching discord_utils@1 from https://discord.com/api/modules/stable/discord_utils/1
2024-04-27T15:29:49.741Z [Modules] Streaming discord_utils@1 to /home/arch/.config/discord/0.0.51/modules/pending/discord_utils-1.zip
2024-04-27T15:29:50.375Z [Modules] Streaming discord_utils@1 to /home/arch/.config/discord/0.0.51/modules/pending/discord_utils-1.zip: 1%
2024-04-27T15:29:50.402Z [Modules] Streaming discord_utils@1 to /home/arch/.config/discord/0.0.51/modules/pending/discord_utils-1.zip: 2%
2024-04-27T15:29:50.424Z [Modules] Streaming discord_utils@1 to /home/arch/.config/discord/0.0.51/modules/pending/discord_utils-1.zip: 3%
2024-04-27T15:29:50.463Z [Modules] Streaming discord_utils@1 to /home/arch/.config/discord/0.0.51/modules/pending/discord_utils-1.zip: 4%
2024-04-27T15:29:50.510Z [Modules] Streaming discord_utils@1 to /home/arch/.config/discord/0.0.51/modules/pending/discord_utils-1.zip: 5%
2024-04-27T15:29:50.552Z [Modules] Streaming discord_utils@1 to /home/arch/.config/discord/0.0.51/modules/pending/discord_utils-1.zip: 6%
2024-04-27T15:29:50.594Z [Modules] Streaming discord_utils@1 to /home/arch/.config/discord/0.0.51/modules/pending/discord_utils-1.zip: 7%
2024-04-27T15:29:50.663Z [Modules] Streaming discord_utils@1 to /home/arch/.config/discord/0.0.51/modules/pending/discord_utils-1.zip: 8%
2024-04-27T15:29:50.686Z [Modules] Streaming discord_utils@1 to /home/arch/.config/discord/0.0.51/modules/pending/discord_utils-1.zip: 9%
2024-04-27T15:29:50.732Z [Modules] Streaming discord_utils@1 to /home/arch/.config/discord/0.0.51/modules/pending/discord_utils-1.zip: 10%
2024-04-27T15:29:50.769Z [Modules] Streaming discord_utils@1 to /home/arch/.config/discord/0.0.51/modules/pending/discord_utils-1.zip: 11%
2024-04-27T15:29:50.800Z [Modules] Streaming discord_utils@1 to /home/arch/.config/discord/0.0.51/modules/pending/discord_utils-1.zip: 12%
2024-04-27T15:29:50.837Z [Modules] Streaming discord_utils@1 to /home/arch/.config/discord/0.0.51/modules/pending/discord_utils-1.zip: 13%
2024-04-27T15:29:50.875Z [Modules] Streaming discord_utils@1 to /home/arch/.config/discord/0.0.51/modules/pending/discord_utils-1.zip: 14%
2024-04-27T15:29:50.922Z [Modules] Streaming discord_utils@1 to /home/arch/.config/discord/0.0.51/modules/pending/discord_utils-1.zip: 15%
2024-04-27T15:29:50.967Z [Modules] Streaming discord_utils@1 to /home/arch/.config/discord/0.0.51/modules/pending/discord_utils-1.zip: 16%
2024-04-27T15:29:50.998Z [Modules] Streaming discord_utils@1 to /home/arch/.config/discord/0.0.51/modules/pending/discord_utils-1.zip: 17%
2024-04-27T15:29:51.180Z [Modules] Streaming discord_utils@1 to /home/arch/.config/discord/0.0.51/modules/pending/discord_utils-1.zip: 18%
2024-04-27T15:29:51.199Z [Modules] Streaming discord_utils@1 to /home/arch/.config/discord/0.0.51/modules/pending/discord_utils-1.zip: 19%
2024-04-27T15:29:51.205Z [Modules] Streaming discord_utils@1 to /home/arch/.config/discord/0.0.51/modules/pending/discord_utils-1.zip: 20%
2024-04-27T15:29:51.373Z [Modules] Streaming discord_utils@1 to /home/arch/.config/discord/0.0.51/modules/pending/discord_utils-1.zip: 21%
2024-04-27T15:29:51.396Z [Modules] Streaming discord_utils@1 to /home/arch/.config/discord/0.0.51/modules/pending/discord_utils-1.zip: 22%
2024-04-27T15:29:51.411Z [Modules] Streaming discord_utils@1 to /home/arch/.config/discord/0.0.51/modules/pending/discord_utils-1.zip: 23%
2024-04-27T15:29:52.801Z [Modules] Streaming discord_utils@1 to /home/arch/.config/discord/0.0.51/modules/pending/discord_utils-1.zip: 25%
2024-04-27T15:29:52.803Z [Modules] Streaming discord_utils@1 to /home/arch/.config/discord/0.0.51/modules/pending/discord_utils-1.zip: 31%
2024-04-27T15:29:52.810Z [Modules] Streaming discord_utils@1 to /home/arch/.config/discord/0.0.51/modules/pending/discord_utils-1.zip: 33%
2024-04-27T15:29:52.812Z [Modules] Streaming discord_utils@1 to /home/arch/.config/discord/0.0.51/modules/pending/discord_utils-1.zip: 34%
2024-04-27T15:29:53.544Z [Modules] Streaming discord_utils@1 to /home/arch/.config/discord/0.0.51/modules/pending/discord_utils-1.zip: 36%
2024-04-27T15:29:53.545Z [Modules] Streaming discord_utils@1 to /home/arch/.config/discord/0.0.51/modules/pending/discord_utils-1.zip: 37%
2024-04-27T15:29:53.629Z [Modules] Streaming discord_utils@1 to /home/arch/.config/discord/0.0.51/modules/pending/discord_utils-1.zip: 38%
2024-04-27T15:29:53.671Z [Modules] Streaming discord_utils@1 to /home/arch/.config/discord/0.0.51/modules/pending/discord_utils-1.zip: 39%
2024-04-27T15:29:53.707Z [Modules] Streaming discord_utils@1 to /home/arch/.config/discord/0.0.51/modules/pending/discord_utils-1.zip: 41%
2024-04-27T15:29:53.733Z [Modules] Streaming discord_utils@1 to /home/arch/.config/discord/0.0.51/modules/pending/discord_utils-1.zip: 42%
2024-04-27T15:29:53.802Z [Modules] Streaming discord_utils@1 to /home/arch/.config/discord/0.0.51/modules/pending/discord_utils-1.zip: 43%
2024-04-27T15:29:53.859Z [Modules] Streaming discord_utils@1 to /home/arch/.config/discord/0.0.51/modules/pending/discord_utils-1.zip: 44%
2024-04-27T15:29:53.913Z [Modules] Streaming discord_utils@1 to /home/arch/.config/discord/0.0.51/modules/pending/discord_utils-1.zip: 45%
2024-04-27T15:29:53.942Z [Modules] Streaming discord_utils@1 to /home/arch/.config/discord/0.0.51/modules/pending/discord_utils-1.zip: 46%
2024-04-27T15:29:53.961Z [Modules] Streaming discord_utils@1 to /home/arch/.config/discord/0.0.51/modules/pending/discord_utils-1.zip: 47%
2024-04-27T15:29:54.019Z [Modules] Streaming discord_utils@1 to /home/arch/.config/discord/0.0.51/modules/pending/discord_utils-1.zip: 48%
2024-04-27T15:29:54.046Z [Modules] Streaming discord_utils@1 to /home/arch/.config/discord/0.0.51/modules/pending/discord_utils-1.zip: 49%
2024-04-27T15:29:54.080Z [Modules] Streaming discord_utils@1 to /home/arch/.config/discord/0.0.51/modules/pending/discord_utils-1.zip: 50%
2024-04-27T15:29:54.097Z [Modules] Streaming discord_utils@1 to /home/arch/.config/discord/0.0.51/modules/pending/discord_utils-1.zip: 51%
2024-04-27T15:29:54.117Z [Modules] Streaming discord_utils@1 to /home/arch/.config/discord/0.0.51/modules/pending/discord_utils-1.zip: 52%
2024-04-27T15:29:54.159Z [Modules] Streaming discord_utils@1 to /home/arch/.config/discord/0.0.51/modules/pending/discord_utils-1.zip: 53%
2024-04-27T15:29:54.223Z [Modules] Streaming discord_utils@1 to /home/arch/.config/discord/0.0.51/modules/pending/discord_utils-1.zip: 54%
2024-04-27T15:29:54.329Z [Modules] Streaming discord_utils@1 to /home/arch/.config/discord/0.0.51/modules/pending/discord_utils-1.zip: 55%
2024-04-27T15:29:54.343Z [Modules] Streaming discord_utils@1 to /home/arch/.config/discord/0.0.51/modules/pending/discord_utils-1.zip: 56%
2024-04-27T15:29:54.363Z [Modules] Streaming discord_utils@1 to /home/arch/.config/discord/0.0.51/modules/pending/discord_utils-1.zip: 57%
2024-04-27T15:29:54.401Z [Modules] Streaming discord_utils@1 to /home/arch/.config/discord/0.0.51/modules/pending/discord_utils-1.zip: 58%
2024-04-27T15:29:54.438Z [Modules] Streaming discord_utils@1 to /home/arch/.config/discord/0.0.51/modules/pending/discord_utils-1.zip: 59%
2024-04-27T15:29:54.478Z [Modules] Streaming discord_utils@1 to /home/arch/.config/discord/0.0.51/modules/pending/discord_utils-1.zip: 61%
2024-04-27T15:29:54.500Z [Modules] Streaming discord_utils@1 to /home/arch/.config/discord/0.0.51/modules/pending/discord_utils-1.zip: 62%
2024-04-27T15:29:54.564Z [Modules] Streaming discord_utils@1 to /home/arch/.config/discord/0.0.51/modules/pending/discord_utils-1.zip: 63%
2024-04-27T15:29:54.625Z [Modules] Streaming discord_utils@1 to /home/arch/.config/discord/0.0.51/modules/pending/discord_utils-1.zip: 64%
2024-04-27T15:29:54.635Z [Modules] Streaming discord_utils@1 to /home/arch/.config/discord/0.0.51/modules/pending/discord_utils-1.zip: 65%
2024-04-27T15:29:54.673Z [Modules] Streaming discord_utils@1 to /home/arch/.config/discord/0.0.51/modules/pending/discord_utils-1.zip: 66%
2024-04-27T15:29:54.714Z [Modules] Streaming discord_utils@1 to /home/arch/.config/discord/0.0.51/modules/pending/discord_utils-1.zip: 67%
2024-04-27T15:29:54.761Z [Modules] Streaming discord_utils@1 to /home/arch/.config/discord/0.0.51/modules/pending/discord_utils-1.zip: 68%
2024-04-27T15:29:54.770Z [Modules] Streaming discord_utils@1 to /home/arch/.config/discord/0.0.51/modules/pending/discord_utils-1.zip: 69%
2024-04-27T15:29:54.855Z [Modules] Streaming discord_utils@1 to /home/arch/.config/discord/0.0.51/modules/pending/discord_utils-1.zip: 70%
2024-04-27T15:29:55.268Z [Modules] Streaming discord_utils@1 to /home/arch/.config/discord/0.0.51/modules/pending/discord_utils-1.zip: 73%
2024-04-27T15:29:55.270Z [Modules] Streaming discord_utils@1 to /home/arch/.config/discord/0.0.51/modules/pending/discord_utils-1.zip: 77%
2024-04-27T15:29:55.415Z [Modules] Streaming discord_utils@1 to /home/arch/.config/discord/0.0.51/modules/pending/discord_utils-1.zip: 78%
2024-04-27T15:29:55.465Z [Modules] Streaming discord_utils@1 to /home/arch/.config/discord/0.0.51/modules/pending/discord_utils-1.zip: 79%
2024-04-27T15:29:55.483Z [Modules] Streaming discord_utils@1 to /home/arch/.config/discord/0.0.51/modules/pending/discord_utils-1.zip: 81%
2024-04-27T15:29:55.485Z [Modules] Streaming discord_utils@1 to /home/arch/.config/discord/0.0.51/modules/pending/discord_utils-1.zip: 85%
2024-04-27T15:29:55.527Z [Modules] Streaming discord_utils@1 to /home/arch/.config/discord/0.0.51/modules/pending/discord_utils-1.zip: 86%
2024-04-27T15:29:55.565Z [Modules] Streaming discord_utils@1 to /home/arch/.config/discord/0.0.51/modules/pending/discord_utils-1.zip: 87%
2024-04-27T15:29:55.615Z [Modules] Streaming discord_utils@1 to /home/arch/.config/discord/0.0.51/modules/pending/discord_utils-1.zip: 88%
2024-04-27T15:29:55.639Z [Modules] Streaming discord_utils@1 to /home/arch/.config/discord/0.0.51/modules/pending/discord_utils-1.zip: 89%
2024-04-27T15:29:55.679Z [Modules] Streaming discord_utils@1 to /home/arch/.config/discord/0.0.51/modules/pending/discord_utils-1.zip: 90%
2024-04-27T15:29:55.720Z [Modules] Streaming discord_utils@1 to /home/arch/.config/discord/0.0.51/modules/pending/discord_utils-1.zip: 91%
2024-04-27T15:29:55.767Z [Modules] Streaming discord_utils@1 to /home/arch/.config/discord/0.0.51/modules/pending/discord_utils-1.zip: 92%
2024-04-27T15:29:55.799Z [Modules] Streaming discord_utils@1 to /home/arch/.config/discord/0.0.51/modules/pending/discord_utils-1.zip: 93%
2024-04-27T15:29:55.830Z [Modules] Streaming discord_utils@1 to /home/arch/.config/discord/0.0.51/modules/pending/discord_utils-1.zip: 94%
2024-04-27T15:29:55.876Z [Modules] Streaming discord_utils@1 to /home/arch/.config/discord/0.0.51/modules/pending/discord_utils-1.zip: 95%
2024-04-27T15:29:55.898Z [Modules] Streaming discord_utils@1 to /home/arch/.config/discord/0.0.51/modules/pending/discord_utils-1.zip: 96%
2024-04-27T15:29:55.952Z [Modules] Streaming discord_utils@1 to /home/arch/.config/discord/0.0.51/modules/pending/discord_utils-1.zip: 97%
2024-04-27T15:29:55.965Z [Modules] Streaming discord_utils@1 to /home/arch/.config/discord/0.0.51/modules/pending/discord_utils-1.zip: 98%
2024-04-27T15:29:56.004Z [Modules] Streaming discord_utils@1 to /home/arch/.config/discord/0.0.51/modules/pending/discord_utils-1.zip: 99%
2024-04-27T15:29:56.031Z [Modules] Streaming discord_utils@1 to /home/arch/.config/discord/0.0.51/modules/pending/discord_utils-1.zip: 100%
2024-04-27T15:29:56.033Z [Modules] Fetching discord_voice@1 from https://discord.com/api/modules/stable/discord_voice/1
2024-04-27T15:29:56.033Z [Modules] Streaming discord_voice@1 to /home/arch/.config/discord/0.0.51/modules/pending/discord_voice-1.zip
2024-04-27T15:29:57.398Z [Modules] Streaming discord_voice@1 to /home/arch/.config/discord/0.0.51/modules/pending/discord_voice-1.zip: 1%
2024-04-27T15:29:58.030Z [Modules] Streaming discord_voice@1 to /home/arch/.config/discord/0.0.51/modules/pending/discord_voice-1.zip: 2%
2024-04-27T15:29:58.062Z [Modules] Streaming discord_voice@1 to /home/arch/.config/discord/0.0.51/modules/pending/discord_voice-1.zip: 3%
2024-04-27T15:29:58.270Z [Modules] Streaming discord_voice@1 to /home/arch/.config/discord/0.0.51/modules/pending/discord_voice-1.zip: 4%
2024-04-27T15:29:58.519Z [Modules] Streaming discord_voice@1 to /home/arch/.config/discord/0.0.51/modules/pending/discord_voice-1.zip: 5%
2024-04-27T15:29:58.777Z [Modules] Streaming discord_voice@1 to /home/arch/.config/discord/0.0.51/modules/pending/discord_voice-1.zip: 6%
2024-04-27T15:29:59.060Z [Modules] Streaming discord_voice@1 to /home/arch/.config/discord/0.0.51/modules/pending/discord_voice-1.zip: 7%
2024-04-27T15:29:59.336Z [Modules] Streaming discord_voice@1 to /home/arch/.config/discord/0.0.51/modules/pending/discord_voice-1.zip: 8%
2024-04-27T15:30:00.042Z [Modules] Streaming discord_voice@1 to /home/arch/.config/discord/0.0.51/modules/pending/discord_voice-1.zip: 9%
2024-04-27T15:30:00.065Z [Modules] Streaming discord_voice@1 to /home/arch/.config/discord/0.0.51/modules/pending/discord_voice-1.zip: 10%
2024-04-27T15:30:01.302Z [Modules] Streaming discord_voice@1 to /home/arch/.config/discord/0.0.51/modules/pending/discord_voice-1.zip: 11%
2024-04-27T15:30:01.383Z [Modules] Streaming discord_voice@1 to /home/arch/.config/discord/0.0.51/modules/pending/discord_voice-1.zip: 12%
2024-04-27T15:30:01.700Z [Modules] Streaming discord_voice@1 to /home/arch/.config/discord/0.0.51/modules/pending/discord_voice-1.zip: 13%
2024-04-27T15:30:02.442Z [Modules] Streaming discord_voice@1 to /home/arch/.config/discord/0.0.51/modules/pending/discord_voice-1.zip: 14%
2024-04-27T15:30:02.618Z [Modules] Streaming discord_voice@1 to /home/arch/.config/discord/0.0.51/modules/pending/discord_voice-1.zip: 15%
2024-04-27T15:30:02.619Z [Modules] Streaming discord_voice@1 to /home/arch/.config/discord/0.0.51/modules/pending/discord_voice-1.zip: 16%
2024-04-27T15:30:02.953Z [Modules] Streaming discord_voice@1 to /home/arch/.config/discord/0.0.51/modules/pending/discord_voice-1.zip: 17%
2024-04-27T15:30:03.817Z [Modules] Streaming discord_voice@1 to /home/arch/.config/discord/0.0.51/modules/pending/discord_voice-1.zip: 18%
2024-04-27T15:30:03.818Z [Modules] Streaming discord_voice@1 to /home/arch/.config/discord/0.0.51/modules/pending/discord_voice-1.zip: 19%
2024-04-27T15:30:04.127Z [Modules] Streaming discord_voice@1 to /home/arch/.config/discord/0.0.51/modules/pending/discord_voice-1.zip: 20%
2024-04-27T15:30:04.395Z [Modules] Streaming discord_voice@1 to /home/arch/.config/discord/0.0.51/modules/pending/discord_voice-1.zip: 21%
2024-04-27T15:30:04.677Z [Modules] Streaming discord_voice@1 to /home/arch/.config/discord/0.0.51/modules/pending/discord_voice-1.zip: 22%
2024-04-27T15:30:05.507Z [Modules] Streaming discord_voice@1 to /home/arch/.config/discord/0.0.51/modules/pending/discord_voice-1.zip: 23%
2024-04-27T15:30:05.512Z [Modules] Streaming discord_voice@1 to /home/arch/.config/discord/0.0.51/modules/pending/discord_voice-1.zip: 24%
2024-04-27T15:30:05.514Z [Modules] Streaming discord_voice@1 to /home/arch/.config/discord/0.0.51/modules/pending/discord_voice-1.zip: 25%
2024-04-27T15:30:05.760Z [Modules] Streaming discord_voice@1 to /home/arch/.config/discord/0.0.51/modules/pending/discord_voice-1.zip: 26%
2024-04-27T15:30:05.762Z [Modules] Streaming discord_voice@1 to /home/arch/.config/discord/0.0.51/modules/pending/discord_voice-1.zip: 27%
2024-04-27T15:30:06.279Z [Modules] Streaming discord_voice@1 to /home/arch/.config/discord/0.0.51/modules/pending/discord_voice-1.zip: 28%
2024-04-27T15:30:06.658Z [Modules] Streaming discord_voice@1 to /home/arch/.config/discord/0.0.51/modules/pending/discord_voice-1.zip: 29%
2024-04-27T15:30:06.668Z [Modules] Streaming discord_voice@1 to /home/arch/.config/discord/0.0.51/modules/pending/discord_voice-1.zip: 30%
2024-04-27T15:30:06.669Z [Modules] Streaming discord_voice@1 to /home/arch/.config/discord/0.0.51/modules/pending/discord_voice-1.zip: 31%
2024-04-27T15:30:06.867Z [Modules] Streaming discord_voice@1 to /home/arch/.config/discord/0.0.51/modules/pending/discord_voice-1.zip: 32%
2024-04-27T15:30:08.289Z [Modules] Streaming discord_voice@1 to /home/arch/.config/discord/0.0.51/modules/pending/discord_voice-1.zip: 33%
2024-04-27T15:30:08.308Z [Modules] Streaming discord_voice@1 to /home/arch/.config/discord/0.0.51/modules/pending/discord_voice-1.zip: 34%
2024-04-27T15:30:08.444Z [Modules] Streaming discord_voice@1 to /home/arch/.config/discord/0.0.51/modules/pending/discord_voice-1.zip: 35%
2024-04-27T15:30:08.696Z [Modules] Streaming discord_voice@1 to /home/arch/.config/discord/0.0.51/modules/pending/discord_voice-1.zip: 36%
2024-04-27T15:30:09.025Z [Modules] Streaming discord_voice@1 to /home/arch/.config/discord/0.0.51/modules/pending/discord_voice-1.zip: 37%
2024-04-27T15:30:09.595Z [Modules] Streaming discord_voice@1 to /home/arch/.config/discord/0.0.51/modules/pending/discord_voice-1.zip: 38%
2024-04-27T15:30:09.632Z [Modules] Streaming discord_voice@1 to /home/arch/.config/discord/0.0.51/modules/pending/discord_voice-1.zip: 39%
2024-04-27T15:30:09.752Z [Modules] Streaming discord_voice@1 to /home/arch/.config/discord/0.0.51/modules/pending/discord_voice-1.zip: 40%
2024-04-27T15:30:09.946Z [Modules] Streaming discord_voice@1 to /home/arch/.config/discord/0.0.51/modules/pending/discord_voice-1.zip: 41%
2024-04-27T15:30:10.228Z [Modules] Streaming discord_voice@1 to /home/arch/.config/discord/0.0.51/modules/pending/discord_voice-1.zip: 42%
2024-04-27T15:30:10.452Z [Modules] Streaming discord_voice@1 to /home/arch/.config/discord/0.0.51/modules/pending/discord_voice-1.zip: 43%
2024-04-27T15:30:10.681Z [Modules] Streaming discord_voice@1 to /home/arch/.config/discord/0.0.51/modules/pending/discord_voice-1.zip: 44%
2024-04-27T15:30:10.918Z [Modules] Streaming discord_voice@1 to /home/arch/.config/discord/0.0.51/modules/pending/discord_voice-1.zip: 45%
2024-04-27T15:30:11.191Z [Modules] Streaming discord_voice@1 to /home/arch/.config/discord/0.0.51/modules/pending/discord_voice-1.zip: 46%
2024-04-27T15:30:11.429Z [Modules] Streaming discord_voice@1 to /home/arch/.config/discord/0.0.51/modules/pending/discord_voice-1.zip: 47%
2024-04-27T15:30:11.694Z [Modules] Streaming discord_voice@1 to /home/arch/.config/discord/0.0.51/modules/pending/discord_voice-1.zip: 48%
2024-04-27T15:30:11.923Z [Modules] Streaming discord_voice@1 to /home/arch/.config/discord/0.0.51/modules/pending/discord_voice-1.zip: 49%
2024-04-27T15:30:12.461Z [Modules] Streaming discord_voice@1 to /home/arch/.config/discord/0.0.51/modules/pending/discord_voice-1.zip: 50%
2024-04-27T15:30:12.504Z [Modules] Streaming discord_voice@1 to /home/arch/.config/discord/0.0.51/modules/pending/discord_voice-1.zip: 51%
2024-04-27T15:30:12.759Z [Modules] Streaming discord_voice@1 to /home/arch/.config/discord/0.0.51/modules/pending/discord_voice-1.zip: 52%
2024-04-27T15:30:13.012Z [Modules] Streaming discord_voice@1 to /home/arch/.config/discord/0.0.51/modules/pending/discord_voice-1.zip: 53%
2024-04-27T15:30:13.262Z [Modules] Streaming discord_voice@1 to /home/arch/.config/discord/0.0.51/modules/pending/discord_voice-1.zip: 54%
2024-04-27T15:30:13.503Z [Modules] Streaming discord_voice@1 to /home/arch/.config/discord/0.0.51/modules/pending/discord_voice-1.zip: 55%
2024-04-27T15:30:13.784Z [Modules] Streaming discord_voice@1 to /home/arch/.config/discord/0.0.51/modules/pending/discord_voice-1.zip: 56%
2024-04-27T15:30:14.010Z [Modules] Streaming discord_voice@1 to /home/arch/.config/discord/0.0.51/modules/pending/discord_voice-1.zip: 57%
2024-04-27T15:30:14.243Z [Modules] Streaming discord_voice@1 to /home/arch/.config/discord/0.0.51/modules/pending/discord_voice-1.zip: 58%
2024-04-27T15:30:14.453Z [Modules] Streaming discord_voice@1 to /home/arch/.config/discord/0.0.51/modules/pending/discord_voice-1.zip: 59%
2024-04-27T15:30:14.701Z [Modules] Streaming discord_voice@1 to /home/arch/.config/discord/0.0.51/modules/pending/discord_voice-1.zip: 60%
2024-04-27T15:30:14.972Z [Modules] Streaming discord_voice@1 to /home/arch/.config/discord/0.0.51/modules/pending/discord_voice-1.zip: 61%
2024-04-27T15:30:15.188Z [Modules] Streaming discord_voice@1 to /home/arch/.config/discord/0.0.51/modules/pending/discord_voice-1.zip: 62%
2024-04-27T15:30:15.382Z [Modules] Streaming discord_voice@1 to /home/arch/.config/discord/0.0.51/modules/pending/discord_voice-1.zip: 63%
2024-04-27T15:30:16.045Z [Modules] Streaming discord_voice@1 to /home/arch/.config/discord/0.0.51/modules/pending/discord_voice-1.zip: 64%
2024-04-27T15:30:16.092Z [Modules] Streaming discord_voice@1 to /home/arch/.config/discord/0.0.51/modules/pending/discord_voice-1.zip: 65%
2024-04-27T15:30:16.094Z [Modules] Streaming discord_voice@1 to /home/arch/.config/discord/0.0.51/modules/pending/discord_voice-1.zip: 66%
2024-04-27T15:30:16.186Z [Modules] Streaming discord_voice@1 to /home/arch/.config/discord/0.0.51/modules/pending/discord_voice-1.zip: 67%
2024-04-27T15:30:16.369Z [Modules] Streaming discord_voice@1 to /home/arch/.config/discord/0.0.51/modules/pending/discord_voice-1.zip: 68%
2024-04-27T15:30:16.556Z [Modules] Streaming discord_voice@1 to /home/arch/.config/discord/0.0.51/modules/pending/discord_voice-1.zip: 69%
2024-04-27T15:30:16.709Z [Modules] Streaming discord_voice@1 to /home/arch/.config/discord/0.0.51/modules/pending/discord_voice-1.zip: 70%
2024-04-27T15:30:16.897Z [Modules] Streaming discord_voice@1 to /home/arch/.config/discord/0.0.51/modules/pending/discord_voice-1.zip: 71%
2024-04-27T15:30:17.073Z [Modules] Streaming discord_voice@1 to /home/arch/.config/discord/0.0.51/modules/pending/discord_voice-1.zip: 72%
2024-04-27T15:30:17.224Z [Modules] Streaming discord_voice@1 to /home/arch/.config/discord/0.0.51/modules/pending/discord_voice-1.zip: 73%
2024-04-27T15:30:17.386Z [Modules] Streaming discord_voice@1 to /home/arch/.config/discord/0.0.51/modules/pending/discord_voice-1.zip: 74%
2024-04-27T15:30:17.597Z [Modules] Streaming discord_voice@1 to /home/arch/.config/discord/0.0.51/modules/pending/discord_voice-1.zip: 75%
2024-04-27T15:30:18.010Z [Modules] Streaming discord_voice@1 to /home/arch/.config/discord/0.0.51/modules/pending/discord_voice-1.zip: 76%
2024-04-27T15:30:18.012Z [Modules] Streaming discord_voice@1 to /home/arch/.config/discord/0.0.51/modules/pending/discord_voice-1.zip: 77%
2024-04-27T15:30:18.076Z [Modules] Streaming discord_voice@1 to /home/arch/.config/discord/0.0.51/modules/pending/discord_voice-1.zip: 78%
2024-04-27T15:30:18.233Z [Modules] Streaming discord_voice@1 to /home/arch/.config/discord/0.0.51/modules/pending/discord_voice-1.zip: 79%
2024-04-27T15:30:18.391Z [Modules] Streaming discord_voice@1 to /home/arch/.config/discord/0.0.51/modules/pending/discord_voice-1.zip: 80%
2024-04-27T15:30:18.601Z [Modules] Streaming discord_voice@1 to /home/arch/.config/discord/0.0.51/modules/pending/discord_voice-1.zip: 81%
2024-04-27T15:30:18.713Z [Modules] Streaming discord_voice@1 to /home/arch/.config/discord/0.0.51/modules/pending/discord_voice-1.zip: 82%
2024-04-27T15:30:18.902Z [Modules] Streaming discord_voice@1 to /home/arch/.config/discord/0.0.51/modules/pending/discord_voice-1.zip: 83%
2024-04-27T15:30:19.063Z [Modules] Streaming discord_voice@1 to /home/arch/.config/discord/0.0.51/modules/pending/discord_voice-1.zip: 84%
2024-04-27T15:30:19.241Z [Modules] Streaming discord_voice@1 to /home/arch/.config/discord/0.0.51/modules/pending/discord_voice-1.zip: 85%
2024-04-27T15:30:19.432Z [Modules] Streaming discord_voice@1 to /home/arch/.config/discord/0.0.51/modules/pending/discord_voice-1.zip: 86%
2024-04-27T15:30:19.634Z [Modules] Streaming discord_voice@1 to /home/arch/.config/discord/0.0.51/modules/pending/discord_voice-1.zip: 87%
2024-04-27T15:30:19.785Z [Modules] Streaming discord_voice@1 to /home/arch/.config/discord/0.0.51/modules/pending/discord_voice-1.zip: 88%
2024-04-27T15:30:19.952Z [Modules] Streaming discord_voice@1 to /home/arch/.config/discord/0.0.51/modules/pending/discord_voice-1.zip: 89%
2024-04-27T15:30:20.118Z [Modules] Streaming discord_voice@1 to /home/arch/.config/discord/0.0.51/modules/pending/discord_voice-1.zip: 90%
2024-04-27T15:30:20.842Z [Modules] Streaming discord_voice@1 to /home/arch/.config/discord/0.0.51/modules/pending/discord_voice-1.zip: 91%
2024-04-27T15:30:21.568Z [Modules] Streaming discord_voice@1 to /home/arch/.config/discord/0.0.51/modules/pending/discord_voice-1.zip: 92%
2024-04-27T15:30:21.570Z [Modules] Streaming discord_voice@1 to /home/arch/.config/discord/0.0.51/modules/pending/discord_voice-1.zip: 93%
2024-04-27T15:30:21.572Z [Modules] Streaming discord_voice@1 to /home/arch/.config/discord/0.0.51/modules/pending/discord_voice-1.zip: 94%
2024-04-27T15:30:21.650Z [Modules] Streaming discord_voice@1 to /home/arch/.config/discord/0.0.51/modules/pending/discord_voice-1.zip: 95%
2024-04-27T15:30:21.859Z [Modules] Streaming discord_voice@1 to /home/arch/.config/discord/0.0.51/modules/pending/discord_voice-1.zip: 96%
2024-04-27T15:30:22.183Z [Modules] Streaming discord_voice@1 to /home/arch/.config/discord/0.0.51/modules/pending/discord_voice-1.zip: 97%
2024-04-27T15:30:22.968Z [Modules] Streaming discord_voice@1 to /home/arch/.config/discord/0.0.51/modules/pending/discord_voice-1.zip: 98%
2024-04-27T15:30:22.969Z [Modules] Streaming discord_voice@1 to /home/arch/.config/discord/0.0.51/modules/pending/discord_voice-1.zip: 99%
2024-04-27T15:30:23.061Z [Modules] Streaming discord_voice@1 to /home/arch/.config/discord/0.0.51/modules/pending/discord_voice-1.zip: 100%
2024-04-27T15:30:23.063Z [Modules] Fetching discord_zstd@1 from https://discord.com/api/modules/stable/discord_zstd/1
2024-04-27T15:30:23.064Z [Modules] Streaming discord_zstd@1 to /home/arch/.config/discord/0.0.51/modules/pending/discord_zstd-1.zip
2024-04-27T15:30:24.143Z [Modules] Streaming discord_zstd@1 to /home/arch/.config/discord/0.0.51/modules/pending/discord_zstd-1.zip: 3%
2024-04-27T15:30:24.146Z [Modules] Streaming discord_zstd@1 to /home/arch/.config/discord/0.0.51/modules/pending/discord_zstd-1.zip: 5%
2024-04-27T15:30:24.149Z [Modules] Streaming discord_zstd@1 to /home/arch/.config/discord/0.0.51/modules/pending/discord_zstd-1.zip: 6%
2024-04-27T15:30:24.780Z [Modules] Streaming discord_zstd@1 to /home/arch/.config/discord/0.0.51/modules/pending/discord_zstd-1.zip: 7%
2024-04-27T15:30:25.086Z [Modules] Streaming discord_zstd@1 to /home/arch/.config/discord/0.0.51/modules/pending/discord_zstd-1.zip: 8%
2024-04-27T15:30:25.103Z [Modules] Streaming discord_zstd@1 to /home/arch/.config/discord/0.0.51/modules/pending/discord_zstd-1.zip: 10%
2024-04-27T15:30:25.108Z [Modules] Streaming discord_zstd@1 to /home/arch/.config/discord/0.0.51/modules/pending/discord_zstd-1.zip: 15%
2024-04-27T15:30:25.110Z [Modules] Streaming discord_zstd@1 to /home/arch/.config/discord/0.0.51/modules/pending/discord_zstd-1.zip: 20%
2024-04-27T15:30:25.251Z [Modules] Streaming discord_zstd@1 to /home/arch/.config/discord/0.0.51/modules/pending/discord_zstd-1.zip: 25%
2024-04-27T15:30:25.253Z [Modules] Streaming discord_zstd@1 to /home/arch/.config/discord/0.0.51/modules/pending/discord_zstd-1.zip: 31%
2024-04-27T15:30:25.255Z [Modules] Streaming discord_zstd@1 to /home/arch/.config/discord/0.0.51/modules/pending/discord_zstd-1.zip: 52%
2024-04-27T15:30:25.257Z [Modules] Streaming discord_zstd@1 to /home/arch/.config/discord/0.0.51/modules/pending/discord_zstd-1.zip: 63%
2024-04-27T15:30:25.277Z [Modules] Streaming discord_zstd@1 to /home/arch/.config/discord/0.0.51/modules/pending/discord_zstd-1.zip: 64%
2024-04-27T15:30:25.278Z [Modules] Streaming discord_zstd@1 to /home/arch/.config/discord/0.0.51/modules/pending/discord_zstd-1.zip: 71%
2024-04-27T15:30:25.280Z [Modules] Streaming discord_zstd@1 to /home/arch/.config/discord/0.0.51/modules/pending/discord_zstd-1.zip: 91%
2024-04-27T15:30:25.281Z [Modules] Streaming discord_zstd@1 to /home/arch/.config/discord/0.0.51/modules/pending/discord_zstd-1.zip: 99%
2024-04-27T15:30:25.294Z [Modules] Streaming discord_zstd@1 to /home/arch/.config/discord/0.0.51/modules/pending/discord_zstd-1.zip: 100%
2024-04-27T15:30:25.296Z [Modules] Finished module downloads. [success: 6] [failure: 0]
2024-04-27T15:30:25.296Z [Modules] Installing updates...
2024-04-27T15:30:25.296Z [Modules] Installing discord_desktop_core@1 from /home/arch/.config/discord/0.0.51/modules/pending/discord_desktop_core-1.zip
2024-04-27T15:30:25.472Z [Modules] Installing discord_erlpack@1 from /home/arch/.config/discord/0.0.51/modules/pending/discord_erlpack-1.zip
2024-04-27T15:30:25.580Z [Modules] Installing discord_spellcheck@1 from /home/arch/.config/discord/0.0.51/modules/pending/discord_spellcheck-1.zip
2024-04-27T15:30:27.418Z [Modules] Installing discord_utils@1 from /home/arch/.config/discord/0.0.51/modules/pending/discord_utils-1.zip
2024-04-27T15:30:27.704Z [Modules] Installing discord_voice@1 from /home/arch/.config/discord/0.0.51/modules/pending/discord_voice-1.zip
2024-04-27T15:30:28.714Z [Modules] Installing discord_zstd@1 from /home/arch/.config/discord/0.0.51/modules/pending/discord_zstd-1.zip
2024-04-27T15:30:28.791Z [Modules] Finished module installations. [success: 6] [failure: 0]
2024-04-27T15:30:28.792Z [Modules] Checking for host updates.
2024-04-27T15:30:29.129Z [Modules] Host is up to date.
2024-04-27T15:30:29.129Z [Modules] Checking for module updates at https://discord.com/api/modules/stable/versions.json
2024-04-27T15:30:29.556Z [Modules] No module updates available.
2024-04-27T15:30:43.899Z [Modules] Starting to install discord_krisp...
2024-04-27T15:30:43.900Z [Modules] Fetching discord_krisp@1 from https://discord.com/api/modules/stable/discord_krisp/1
2024-04-27T15:30:43.900Z [Modules] Streaming discord_krisp@1 to /home/arch/.config/discord/0.0.51/modules/pending/discord_krisp-1.zip
2024-04-27T15:30:43.917Z [Modules] Starting to install discord_game_utils...
2024-04-27T15:30:46.051Z [Modules] Streaming discord_krisp@1 to /home/arch/.config/discord/0.0.51/modules/pending/discord_krisp-1.zip: 1%
2024-04-27T15:30:49.461Z [Modules] Streaming discord_krisp@1 to /home/arch/.config/discord/0.0.51/modules/pending/discord_krisp-1.zip: 2%
2024-04-27T15:30:49.463Z [Modules] Streaming discord_krisp@1 to /home/arch/.config/discord/0.0.51/modules/pending/discord_krisp-1.zip: 3%
2024-04-27T15:30:49.466Z [Modules] Streaming discord_krisp@1 to /home/arch/.config/discord/0.0.51/modules/pending/discord_krisp-1.zip: 4%
2024-04-27T15:30:49.467Z [Modules] Streaming discord_krisp@1 to /home/arch/.config/discord/0.0.51/modules/pending/discord_krisp-1.zip: 5%
2024-04-27T15:30:49.469Z [Modules] Streaming discord_krisp@1 to /home/arch/.config/discord/0.0.51/modules/pending/discord_krisp-1.zip: 6%
2024-04-27T15:30:49.470Z [Modules] Streaming discord_krisp@1 to /home/arch/.config/discord/0.0.51/modules/pending/discord_krisp-1.zip: 7%
2024-04-27T15:30:49.708Z [Modules] Streaming discord_krisp@1 to /home/arch/.config/discord/0.0.51/modules/pending/discord_krisp-1.zip: 8%
2024-04-27T15:30:49.902Z [Modules] Streaming discord_krisp@1 to /home/arch/.config/discord/0.0.51/modules/pending/discord_krisp-1.zip: 9%
2024-04-27T15:30:50.117Z [Modules] Streaming discord_krisp@1 to /home/arch/.config/discord/0.0.51/modules/pending/discord_krisp-1.zip: 10%
2024-04-27T15:30:50.374Z [Modules] Streaming discord_krisp@1 to /home/arch/.config/discord/0.0.51/modules/pending/discord_krisp-1.zip: 11%
2024-04-27T15:30:50.401Z [Modules] Checking for host updates.
2024-04-27T15:30:50.580Z [Modules] Starting to install discord_rpc...
2024-04-27T15:30:50.891Z [Modules] Streaming discord_krisp@1 to /home/arch/.config/discord/0.0.51/modules/pending/discord_krisp-1.zip: 12%
2024-04-27T15:30:50.893Z [Modules] Streaming discord_krisp@1 to /home/arch/.config/discord/0.0.51/modules/pending/discord_krisp-1.zip: 13%
2024-04-27T15:30:50.969Z [Modules] Host is up to date.
2024-04-27T15:30:50.969Z [Modules] Checking for module updates at https://discord.com/api/modules/stable/versions.json
2024-04-27T15:30:50.979Z [Modules] No module updates available.
2024-04-27T15:30:50.995Z [Modules] Streaming discord_krisp@1 to /home/arch/.config/discord/0.0.51/modules/pending/discord_krisp-1.zip: 14%
2024-04-27T15:30:51.304Z [Modules] Streaming discord_krisp@1 to /home/arch/.config/discord/0.0.51/modules/pending/discord_krisp-1.zip: 15%
2024-04-27T15:30:51.533Z [Modules] Streaming discord_krisp@1 to /home/arch/.config/discord/0.0.51/modules/pending/discord_krisp-1.zip: 16%
2024-04-27T15:30:52.646Z [Modules] Streaming discord_krisp@1 to /home/arch/.config/discord/0.0.51/modules/pending/discord_krisp-1.zip: 17%
2024-04-27T15:30:52.851Z [Modules] Streaming discord_krisp@1 to /home/arch/.config/discord/0.0.51/modules/pending/discord_krisp-1.zip: 18%
2024-04-27T15:30:53.097Z [Modules] Streaming discord_krisp@1 to /home/arch/.config/discord/0.0.51/modules/pending/discord_krisp-1.zip: 19%
2024-04-27T15:30:53.334Z [Modules] Streaming discord_krisp@1 to /home/arch/.config/discord/0.0.51/modules/pending/discord_krisp-1.zip: 20%
2024-04-27T15:30:53.958Z [Modules] Streaming discord_krisp@1 to /home/arch/.config/discord/0.0.51/modules/pending/discord_krisp-1.zip: 21%
2024-04-27T15:30:53.961Z [Modules] Streaming discord_krisp@1 to /home/arch/.config/discord/0.0.51/modules/pending/discord_krisp-1.zip: 22%
2024-04-27T15:30:53.964Z [Modules] Streaming discord_krisp@1 to /home/arch/.config/discord/0.0.51/modules/pending/discord_krisp-1.zip: 23%
2024-04-27T15:30:54.148Z [Modules] Streaming discord_krisp@1 to /home/arch/.config/discord/0.0.51/modules/pending/discord_krisp-1.zip: 24%
2024-04-27T15:30:54.341Z [Modules] Streaming discord_krisp@1 to /home/arch/.config/discord/0.0.51/modules/pending/discord_krisp-1.zip: 25%
2024-04-27T15:30:54.506Z [Modules] Streaming discord_krisp@1 to /home/arch/.config/discord/0.0.51/modules/pending/discord_krisp-1.zip: 26%
2024-04-27T15:30:54.992Z [Modules] Streaming discord_krisp@1 to /home/arch/.config/discord/0.0.51/modules/pending/discord_krisp-1.zip: 27%
2024-04-27T15:30:54.994Z [Modules] Streaming discord_krisp@1 to /home/arch/.config/discord/0.0.51/modules/pending/discord_krisp-1.zip: 28%
2024-04-27T15:30:55.064Z [Modules] Streaming discord_krisp@1 to /home/arch/.config/discord/0.0.51/modules/pending/discord_krisp-1.zip: 29%
2024-04-27T15:30:55.266Z [Modules] Streaming discord_krisp@1 to /home/arch/.config/discord/0.0.51/modules/pending/discord_krisp-1.zip: 30%
2024-04-27T15:30:55.399Z [Modules] Streaming discord_krisp@1 to /home/arch/.config/discord/0.0.51/modules/pending/discord_krisp-1.zip: 31%
2024-04-27T15:30:55.534Z [Modules] Streaming discord_krisp@1 to /home/arch/.config/discord/0.0.51/modules/pending/discord_krisp-1.zip: 32%
2024-04-27T15:30:55.701Z [Modules] Streaming discord_krisp@1 to /home/arch/.config/discord/0.0.51/modules/pending/discord_krisp-1.zip: 33%
2024-04-27T15:30:55.879Z [Modules] Streaming discord_krisp@1 to /home/arch/.config/discord/0.0.51/modules/pending/discord_krisp-1.zip: 34%
2024-04-27T15:30:56.131Z [Modules] Streaming discord_krisp@1 to /home/arch/.config/discord/0.0.51/modules/pending/discord_krisp-1.zip: 35%
2024-04-27T15:30:56.253Z [Modules] Streaming discord_krisp@1 to /home/arch/.config/discord/0.0.51/modules/pending/discord_krisp-1.zip: 36%
2024-04-27T15:30:56.385Z [Modules] Streaming discord_krisp@1 to /home/arch/.config/discord/0.0.51/modules/pending/discord_krisp-1.zip: 37%
2024-04-27T15:30:56.569Z [Modules] Streaming discord_krisp@1 to /home/arch/.config/discord/0.0.51/modules/pending/discord_krisp-1.zip: 38%
2024-04-27T15:30:56.764Z [Modules] Streaming discord_krisp@1 to /home/arch/.config/discord/0.0.51/modules/pending/discord_krisp-1.zip: 39%
2024-04-27T15:30:56.924Z [Modules] Streaming discord_krisp@1 to /home/arch/.config/discord/0.0.51/modules/pending/discord_krisp-1.zip: 40%
2024-04-27T15:30:57.107Z [Modules] Streaming discord_krisp@1 to /home/arch/.config/discord/0.0.51/modules/pending/discord_krisp-1.zip: 41%
2024-04-27T15:30:57.288Z [Modules] Streaming discord_krisp@1 to /home/arch/.config/discord/0.0.51/modules/pending/discord_krisp-1.zip: 42%
2024-04-27T15:30:57.431Z [Modules] Streaming discord_krisp@1 to /home/arch/.config/discord/0.0.51/modules/pending/discord_krisp-1.zip: 43%
2024-04-27T15:30:57.686Z [Modules] Streaming discord_krisp@1 to /home/arch/.config/discord/0.0.51/modules/pending/discord_krisp-1.zip: 44%
2024-04-27T15:30:57.808Z [Modules] Streaming discord_krisp@1 to /home/arch/.config/discord/0.0.51/modules/pending/discord_krisp-1.zip: 45%
2024-04-27T15:30:57.959Z [Modules] Streaming discord_krisp@1 to /home/arch/.config/discord/0.0.51/modules/pending/discord_krisp-1.zip: 46%
2024-04-27T15:30:58.158Z [Modules] Streaming discord_krisp@1 to /home/arch/.config/discord/0.0.51/modules/pending/discord_krisp-1.zip: 47%
2024-04-27T15:30:58.684Z [Modules] Streaming discord_krisp@1 to /home/arch/.config/discord/0.0.51/modules/pending/discord_krisp-1.zip: 48%
2024-04-27T15:30:58.686Z [Modules] Streaming discord_krisp@1 to /home/arch/.config/discord/0.0.51/modules/pending/discord_krisp-1.zip: 49%
2024-04-27T15:30:59.037Z [Modules] Streaming discord_krisp@1 to /home/arch/.config/discord/0.0.51/modules/pending/discord_krisp-1.zip: 50%
2024-04-27T15:30:59.038Z [Modules] Streaming discord_krisp@1 to /home/arch/.config/discord/0.0.51/modules/pending/discord_krisp-1.zip: 51%
2024-04-27T15:30:59.042Z [Modules] Streaming discord_krisp@1 to /home/arch/.config/discord/0.0.51/modules/pending/discord_krisp-1.zip: 52%
2024-04-27T15:30:59.136Z [Modules] Streaming discord_krisp@1 to /home/arch/.config/discord/0.0.51/modules/pending/discord_krisp-1.zip: 53%
2024-04-27T15:30:59.301Z [Modules] Streaming discord_krisp@1 to /home/arch/.config/discord/0.0.51/modules/pending/discord_krisp-1.zip: 54%
2024-04-27T15:30:59.465Z [Modules] Streaming discord_krisp@1 to /home/arch/.config/discord/0.0.51/modules/pending/discord_krisp-1.zip: 55%
2024-04-27T15:31:00.052Z [Modules] Streaming discord_krisp@1 to /home/arch/.config/discord/0.0.51/modules/pending/discord_krisp-1.zip: 56%
2024-04-27T15:31:00.053Z [Modules] Streaming discord_krisp@1 to /home/arch/.config/discord/0.0.51/modules/pending/discord_krisp-1.zip: 57%
2024-04-27T15:31:00.270Z [Modules] Streaming discord_krisp@1 to /home/arch/.config/discord/0.0.51/modules/pending/discord_krisp-1.zip: 58%
2024-04-27T15:31:00.274Z [Modules] Streaming discord_krisp@1 to /home/arch/.config/discord/0.0.51/modules/pending/discord_krisp-1.zip: 59%
2024-04-27T15:31:00.276Z [Modules] Streaming discord_krisp@1 to /home/arch/.config/discord/0.0.51/modules/pending/discord_krisp-1.zip: 60%
2024-04-27T15:31:00.419Z [Modules] Streaming discord_krisp@1 to /home/arch/.config/discord/0.0.51/modules/pending/discord_krisp-1.zip: 61%
2024-04-27T15:31:00.593Z [Modules] Streaming discord_krisp@1 to /home/arch/.config/discord/0.0.51/modules/pending/discord_krisp-1.zip: 62%
2024-04-27T15:31:00.724Z [Modules] Streaming discord_krisp@1 to /home/arch/.config/discord/0.0.51/modules/pending/discord_krisp-1.zip: 63%
2024-04-27T15:31:00.885Z [Modules] Streaming discord_krisp@1 to /home/arch/.config/discord/0.0.51/modules/pending/discord_krisp-1.zip: 64%
2024-04-27T15:31:01.035Z [Modules] Streaming discord_krisp@1 to /home/arch/.config/discord/0.0.51/modules/pending/discord_krisp-1.zip: 65%
2024-04-27T15:31:01.210Z [Modules] Streaming discord_krisp@1 to /home/arch/.config/discord/0.0.51/modules/pending/discord_krisp-1.zip: 66%
2024-04-27T15:31:01.368Z [Modules] Streaming discord_krisp@1 to /home/arch/.config/discord/0.0.51/modules/pending/discord_krisp-1.zip: 67%
2024-04-27T15:31:02.535Z [Modules] Streaming discord_krisp@1 to /home/arch/.config/discord/0.0.51/modules/pending/discord_krisp-1.zip: 68%
2024-04-27T15:31:02.733Z [Modules] Streaming discord_krisp@1 to /home/arch/.config/discord/0.0.51/modules/pending/discord_krisp-1.zip: 69%
2024-04-27T15:31:02.927Z [Modules] Streaming discord_krisp@1 to /home/arch/.config/discord/0.0.51/modules/pending/discord_krisp-1.zip: 70%
2024-04-27T15:31:03.084Z [Modules] Streaming discord_krisp@1 to /home/arch/.config/discord/0.0.51/modules/pending/discord_krisp-1.zip: 71%
2024-04-27T15:31:03.908Z [Modules] Streaming discord_krisp@1 to /home/arch/.config/discord/0.0.51/modules/pending/discord_krisp-1.zip: 72%
2024-04-27T15:31:03.929Z [Modules] Streaming discord_krisp@1 to /home/arch/.config/discord/0.0.51/modules/pending/discord_krisp-1.zip: 73%
2024-04-27T15:31:03.969Z [Modules] Streaming discord_krisp@1 to /home/arch/.config/discord/0.0.51/modules/pending/discord_krisp-1.zip: 74%
2024-04-27T15:31:03.970Z [Modules] Streaming discord_krisp@1 to /home/arch/.config/discord/0.0.51/modules/pending/discord_krisp-1.zip: 75%
2024-04-27T15:31:03.982Z [Modules] Streaming discord_krisp@1 to /home/arch/.config/discord/0.0.51/modules/pending/discord_krisp-1.zip: 76%
2024-04-27T15:31:04.125Z [Modules] Streaming discord_krisp@1 to /home/arch/.config/discord/0.0.51/modules/pending/discord_krisp-1.zip: 77%
2024-04-27T15:31:04.298Z [Modules] Streaming discord_krisp@1 to /home/arch/.config/discord/0.0.51/modules/pending/discord_krisp-1.zip: 78%
2024-04-27T15:31:04.440Z [Modules] Streaming discord_krisp@1 to /home/arch/.config/discord/0.0.51/modules/pending/discord_krisp-1.zip: 79%
2024-04-27T15:31:04.601Z [Modules] Streaming discord_krisp@1 to /home/arch/.config/discord/0.0.51/modules/pending/discord_krisp-1.zip: 80%
2024-04-27T15:31:04.788Z [Modules] Streaming discord_krisp@1 to /home/arch/.config/discord/0.0.51/modules/pending/discord_krisp-1.zip: 81%
2024-04-27T15:31:04.908Z [Modules] Streaming discord_krisp@1 to /home/arch/.config/discord/0.0.51/modules/pending/discord_krisp-1.zip: 82%
2024-04-27T15:31:05.118Z [Modules] Streaming discord_krisp@1 to /home/arch/.config/discord/0.0.51/modules/pending/discord_krisp-1.zip: 83%
2024-04-27T15:31:05.758Z [Modules] Streaming discord_krisp@1 to /home/arch/.config/discord/0.0.51/modules/pending/discord_krisp-1.zip: 84%
2024-04-27T15:31:05.794Z [Modules] Streaming discord_krisp@1 to /home/arch/.config/discord/0.0.51/modules/pending/discord_krisp-1.zip: 85%
2024-04-27T15:31:05.859Z [Modules] Streaming discord_krisp@1 to /home/arch/.config/discord/0.0.51/modules/pending/discord_krisp-1.zip: 86%
2024-04-27T15:31:05.864Z [Modules] Streaming discord_krisp@1 to /home/arch/.config/discord/0.0.51/modules/pending/discord_krisp-1.zip: 87%
2024-04-27T15:31:06.015Z [Modules] Streaming discord_krisp@1 to /home/arch/.config/discord/0.0.51/modules/pending/discord_krisp-1.zip: 88%
2024-04-27T15:31:07.735Z [Modules] Streaming discord_krisp@1 to /home/arch/.config/discord/0.0.51/modules/pending/discord_krisp-1.zip: 89%
2024-04-27T15:31:08.266Z [Modules] Streaming discord_krisp@1 to /home/arch/.config/discord/0.0.51/modules/pending/discord_krisp-1.zip: 90%
2024-04-27T15:31:08.269Z [Modules] Streaming discord_krisp@1 to /home/arch/.config/discord/0.0.51/modules/pending/discord_krisp-1.zip: 91%
2024-04-27T15:31:08.634Z [Modules] Streaming discord_krisp@1 to /home/arch/.config/discord/0.0.51/modules/pending/discord_krisp-1.zip: 92%
2024-04-27T15:31:09.189Z [Modules] Streaming discord_krisp@1 to /home/arch/.config/discord/0.0.51/modules/pending/discord_krisp-1.zip: 93%
2024-04-27T15:31:09.310Z [Modules] Streaming discord_krisp@1 to /home/arch/.config/discord/0.0.51/modules/pending/discord_krisp-1.zip: 94%
2024-04-27T15:31:09.317Z [Modules] Streaming discord_krisp@1 to /home/arch/.config/discord/0.0.51/modules/pending/discord_krisp-1.zip: 95%
2024-04-27T15:31:09.319Z [Modules] Streaming discord_krisp@1 to /home/arch/.config/discord/0.0.51/modules/pending/discord_krisp-1.zip: 96%
2024-04-27T15:31:09.399Z [Modules] Streaming discord_krisp@1 to /home/arch/.config/discord/0.0.51/modules/pending/discord_krisp-1.zip: 97%
2024-04-27T15:31:09.524Z [Modules] Streaming discord_krisp@1 to /home/arch/.config/discord/0.0.51/modules/pending/discord_krisp-1.zip: 98%
2024-04-27T15:31:09.839Z [Modules] Streaming discord_krisp@1 to /home/arch/.config/discord/0.0.51/modules/pending/discord_krisp-1.zip: 99%
2024-04-27T15:31:09.995Z [Modules] Streaming discord_krisp@1 to /home/arch/.config/discord/0.0.51/modules/pending/discord_krisp-1.zip: 100%
2024-04-27T15:31:10.000Z [Modules] Fetching discord_game_utils@1 from https://discord.com/api/modules/stable/discord_game_utils/1
2024-04-27T15:31:10.001Z [Modules] Streaming discord_game_utils@1 to /home/arch/.config/discord/0.0.51/modules/pending/discord_game_utils-1.zip
2024-04-27T15:31:10.002Z [Modules] Installing discord_krisp@1 from /home/arch/.config/discord/0.0.51/modules/pending/discord_krisp-1.zip
2024-04-27T15:31:11.359Z [Modules] Streaming discord_game_utils@1 to /home/arch/.config/discord/0.0.51/modules/pending/discord_game_utils-1.zip: 1%
2024-04-27T15:31:11.420Z [Modules] Streaming discord_game_utils@1 to /home/arch/.config/discord/0.0.51/modules/pending/discord_game_utils-1.zip: 2%
2024-04-27T15:31:11.447Z [Modules] Streaming discord_game_utils@1 to /home/arch/.config/discord/0.0.51/modules/pending/discord_game_utils-1.zip: 3%
2024-04-27T15:31:11.479Z [Modules] Streaming discord_game_utils@1 to /home/arch/.config/discord/0.0.51/modules/pending/discord_game_utils-1.zip: 4%
2024-04-27T15:31:11.510Z [Modules] Streaming discord_game_utils@1 to /home/arch/.config/discord/0.0.51/modules/pending/discord_game_utils-1.zip: 5%
2024-04-27T15:31:11.566Z [Modules] Streaming discord_game_utils@1 to /home/arch/.config/discord/0.0.51/modules/pending/discord_game_utils-1.zip: 6%
2024-04-27T15:31:11.586Z [Modules] Finished module installations. [success: 1] [failure: 0]
2024-04-27T15:31:11.619Z [Modules] Streaming discord_game_utils@1 to /home/arch/.config/discord/0.0.51/modules/pending/discord_game_utils-1.zip: 7%
2024-04-27T15:31:11.627Z [Modules] Streaming discord_game_utils@1 to /home/arch/.config/discord/0.0.51/modules/pending/discord_game_utils-1.zip: 8%
2024-04-27T15:31:11.661Z [Modules] Streaming discord_game_utils@1 to /home/arch/.config/discord/0.0.51/modules/pending/discord_game_utils-1.zip: 9%
2024-04-27T15:31:11.709Z [Modules] Streaming discord_game_utils@1 to /home/arch/.config/discord/0.0.51/modules/pending/discord_game_utils-1.zip: 10%
2024-04-27T15:31:11.744Z [Modules] Streaming discord_game_utils@1 to /home/arch/.config/discord/0.0.51/modules/pending/discord_game_utils-1.zip: 11%
2024-04-27T15:31:11.773Z [Modules] Streaming discord_game_utils@1 to /home/arch/.config/discord/0.0.51/modules/pending/discord_game_utils-1.zip: 12%
2024-04-27T15:31:11.800Z [Modules] Streaming discord_game_utils@1 to /home/arch/.config/discord/0.0.51/modules/pending/discord_game_utils-1.zip: 13%
2024-04-27T15:31:11.824Z [Modules] Streaming discord_game_utils@1 to /home/arch/.config/discord/0.0.51/modules/pending/discord_game_utils-1.zip: 14%
2024-04-27T15:31:11.853Z [Modules] Streaming discord_game_utils@1 to /home/arch/.config/discord/0.0.51/modules/pending/discord_game_utils-1.zip: 15%
2024-04-27T15:31:11.890Z [Modules] Streaming discord_game_utils@1 to /home/arch/.config/discord/0.0.51/modules/pending/discord_game_utils-1.zip: 16%
2024-04-27T15:31:11.916Z [Modules] Streaming discord_game_utils@1 to /home/arch/.config/discord/0.0.51/modules/pending/discord_game_utils-1.zip: 17%
2024-04-27T15:31:11.932Z [Modules] Streaming discord_game_utils@1 to /home/arch/.config/discord/0.0.51/modules/pending/discord_game_utils-1.zip: 18%
2024-04-27T15:31:12.070Z [Modules] Streaming discord_game_utils@1 to /home/arch/.config/discord/0.0.51/modules/pending/discord_game_utils-1.zip: 19%
2024-04-27T15:31:12.192Z [Modules] Streaming discord_game_utils@1 to /home/arch/.config/discord/0.0.51/modules/pending/discord_game_utils-1.zip: 21%
2024-04-27T15:31:12.203Z [Modules] Streaming discord_game_utils@1 to /home/arch/.config/discord/0.0.51/modules/pending/discord_game_utils-1.zip: 23%
2024-04-27T15:31:12.218Z [Modules] Streaming discord_game_utils@1 to /home/arch/.config/discord/0.0.51/modules/pending/discord_game_utils-1.zip: 24%
2024-04-27T15:31:12.226Z [Modules] Streaming discord_game_utils@1 to /home/arch/.config/discord/0.0.51/modules/pending/discord_game_utils-1.zip: 25%
2024-04-27T15:31:12.240Z [Modules] Streaming discord_game_utils@1 to /home/arch/.config/discord/0.0.51/modules/pending/discord_game_utils-1.zip: 26%
2024-04-27T15:31:12.251Z [Modules] Streaming discord_game_utils@1 to /home/arch/.config/discord/0.0.51/modules/pending/discord_game_utils-1.zip: 28%
2024-04-27T15:31:12.254Z [Modules] Streaming discord_game_utils@1 to /home/arch/.config/discord/0.0.51/modules/pending/discord_game_utils-1.zip: 29%
2024-04-27T15:31:12.282Z [Modules] Streaming discord_game_utils@1 to /home/arch/.config/discord/0.0.51/modules/pending/discord_game_utils-1.zip: 30%
2024-04-27T15:31:12.346Z [Modules] Streaming discord_game_utils@1 to /home/arch/.config/discord/0.0.51/modules/pending/discord_game_utils-1.zip: 31%
2024-04-27T15:31:12.380Z [Modules] Streaming discord_game_utils@1 to /home/arch/.config/discord/0.0.51/modules/pending/discord_game_utils-1.zip: 32%
2024-04-27T15:31:12.534Z [Modules] Streaming discord_game_utils@1 to /home/arch/.config/discord/0.0.51/modules/pending/discord_game_utils-1.zip: 34%
2024-04-27T15:31:12.548Z [Modules] Streaming discord_game_utils@1 to /home/arch/.config/discord/0.0.51/modules/pending/discord_game_utils-1.zip: 36%
2024-04-27T15:31:12.559Z [Modules] Streaming discord_game_utils@1 to /home/arch/.config/discord/0.0.51/modules/pending/discord_game_utils-1.zip: 37%
2024-04-27T15:31:12.571Z [Modules] Streaming discord_game_utils@1 to /home/arch/.config/discord/0.0.51/modules/pending/discord_game_utils-1.zip: 38%
2024-04-27T15:31:12.636Z [Modules] Streaming discord_game_utils@1 to /home/arch/.config/discord/0.0.51/modules/pending/discord_game_utils-1.zip: 39%
2024-04-27T15:31:12.727Z [Modules] Streaming discord_game_utils@1 to /home/arch/.config/discord/0.0.51/modules/pending/discord_game_utils-1.zip: 40%
2024-04-27T15:31:12.729Z [Modules] Streaming discord_game_utils@1 to /home/arch/.config/discord/0.0.51/modules/pending/discord_game_utils-1.zip: 41%
2024-04-27T15:31:12.756Z [Modules] Streaming discord_game_utils@1 to /home/arch/.config/discord/0.0.51/modules/pending/discord_game_utils-1.zip: 43%
2024-04-27T15:31:12.767Z [Modules] Streaming discord_game_utils@1 to /home/arch/.config/discord/0.0.51/modules/pending/discord_game_utils-1.zip: 44%
2024-04-27T15:31:12.776Z [Modules] Streaming discord_game_utils@1 to /home/arch/.config/discord/0.0.51/modules/pending/discord_game_utils-1.zip: 45%
2024-04-27T15:31:12.808Z [Modules] Streaming discord_game_utils@1 to /home/arch/.config/discord/0.0.51/modules/pending/discord_game_utils-1.zip: 46%
2024-04-27T15:31:12.907Z [Modules] Streaming discord_game_utils@1 to /home/arch/.config/discord/0.0.51/modules/pending/discord_game_utils-1.zip: 47%
2024-04-27T15:31:12.914Z [Modules] Streaming discord_game_utils@1 to /home/arch/.config/discord/0.0.51/modules/pending/discord_game_utils-1.zip: 49%
2024-04-27T15:31:12.938Z [Modules] Streaming discord_game_utils@1 to /home/arch/.config/discord/0.0.51/modules/pending/discord_game_utils-1.zip: 50%
2024-04-27T15:31:12.977Z [Modules] Streaming discord_game_utils@1 to /home/arch/.config/discord/0.0.51/modules/pending/discord_game_utils-1.zip: 51%
2024-04-27T15:31:12.982Z [Modules] Streaming discord_game_utils@1 to /home/arch/.config/discord/0.0.51/modules/pending/discord_game_utils-1.zip: 52%
2024-04-27T15:31:13.071Z [Modules] Streaming discord_game_utils@1 to /home/arch/.config/discord/0.0.51/modules/pending/discord_game_utils-1.zip: 53%
2024-04-27T15:31:13.077Z [Modules] Streaming discord_game_utils@1 to /home/arch/.config/discord/0.0.51/modules/pending/discord_game_utils-1.zip: 54%
2024-04-27T15:31:13.178Z [Modules] Streaming discord_game_utils@1 to /home/arch/.config/discord/0.0.51/modules/pending/discord_game_utils-1.zip: 55%
2024-04-27T15:31:13.187Z [Modules] Streaming discord_game_utils@1 to /home/arch/.config/discord/0.0.51/modules/pending/discord_game_utils-1.zip: 56%
2024-04-27T15:31:13.205Z [Modules] Streaming discord_game_utils@1 to /home/arch/.config/discord/0.0.51/modules/pending/discord_game_utils-1.zip: 58%
2024-04-27T15:31:13.223Z [Modules] Streaming discord_game_utils@1 to /home/arch/.config/discord/0.0.51/modules/pending/discord_game_utils-1.zip: 59%
2024-04-27T15:31:13.226Z [Modules] Streaming discord_game_utils@1 to /home/arch/.config/discord/0.0.51/modules/pending/discord_game_utils-1.zip: 60%
2024-04-27T15:31:13.273Z [Modules] Streaming discord_game_utils@1 to /home/arch/.config/discord/0.0.51/modules/pending/discord_game_utils-1.zip: 62%
2024-04-27T15:31:13.298Z [Modules] Streaming discord_game_utils@1 to /home/arch/.config/discord/0.0.51/modules/pending/discord_game_utils-1.zip: 63%
2024-04-27T15:31:13.325Z [Modules] Streaming discord_game_utils@1 to /home/arch/.config/discord/0.0.51/modules/pending/discord_game_utils-1.zip: 64%
2024-04-27T15:31:13.351Z [Modules] Streaming discord_game_utils@1 to /home/arch/.config/discord/0.0.51/modules/pending/discord_game_utils-1.zip: 65%
2024-04-27T15:31:13.426Z [Modules] Streaming discord_game_utils@1 to /home/arch/.config/discord/0.0.51/modules/pending/discord_game_utils-1.zip: 66%
2024-04-27T15:31:13.444Z [Modules] Streaming discord_game_utils@1 to /home/arch/.config/discord/0.0.51/modules/pending/discord_game_utils-1.zip: 67%
2024-04-27T15:31:13.492Z [Modules] Streaming discord_game_utils@1 to /home/arch/.config/discord/0.0.51/modules/pending/discord_game_utils-1.zip: 69%
2024-04-27T15:31:13.524Z [Modules] Streaming discord_game_utils@1 to /home/arch/.config/discord/0.0.51/modules/pending/discord_game_utils-1.zip: 70%
2024-04-27T15:31:13.532Z [Modules] Streaming discord_game_utils@1 to /home/arch/.config/discord/0.0.51/modules/pending/discord_game_utils-1.zip: 71%
2024-04-27T15:31:13.592Z [Modules] Streaming discord_game_utils@1 to /home/arch/.config/discord/0.0.51/modules/pending/discord_game_utils-1.zip: 72%
2024-04-27T15:31:13.633Z [Modules] Streaming discord_game_utils@1 to /home/arch/.config/discord/0.0.51/modules/pending/discord_game_utils-1.zip: 73%
2024-04-27T15:31:13.646Z [Modules] Streaming discord_game_utils@1 to /home/arch/.config/discord/0.0.51/modules/pending/discord_game_utils-1.zip: 74%
2024-04-27T15:31:13.680Z [Modules] Streaming discord_game_utils@1 to /home/arch/.config/discord/0.0.51/modules/pending/discord_game_utils-1.zip: 75%
2024-04-27T15:31:13.702Z [Modules] Streaming discord_game_utils@1 to /home/arch/.config/discord/0.0.51/modules/pending/discord_game_utils-1.zip: 76%
2024-04-27T15:31:13.736Z [Modules] Streaming discord_game_utils@1 to /home/arch/.config/discord/0.0.51/modules/pending/discord_game_utils-1.zip: 77%
2024-04-27T15:31:13.782Z [Modules] Streaming discord_game_utils@1 to /home/arch/.config/discord/0.0.51/modules/pending/discord_game_utils-1.zip: 78%
2024-04-27T15:31:13.788Z [Modules] Streaming discord_game_utils@1 to /home/arch/.config/discord/0.0.51/modules/pending/discord_game_utils-1.zip: 79%
2024-04-27T15:31:13.806Z [Modules] Streaming discord_game_utils@1 to /home/arch/.config/discord/0.0.51/modules/pending/discord_game_utils-1.zip: 80%
2024-04-27T15:31:13.855Z [Modules] Streaming discord_game_utils@1 to /home/arch/.config/discord/0.0.51/modules/pending/discord_game_utils-1.zip: 81%
2024-04-27T15:31:13.877Z [Modules] Streaming discord_game_utils@1 to /home/arch/.config/discord/0.0.51/modules/pending/discord_game_utils-1.zip: 82%
2024-04-27T15:31:13.904Z [Modules] Streaming discord_game_utils@1 to /home/arch/.config/discord/0.0.51/modules/pending/discord_game_utils-1.zip: 83%
2024-04-27T15:31:13.943Z [Modules] Streaming discord_game_utils@1 to /home/arch/.config/discord/0.0.51/modules/pending/discord_game_utils-1.zip: 84%
2024-04-27T15:31:13.960Z [Modules] Streaming discord_game_utils@1 to /home/arch/.config/discord/0.0.51/modules/pending/discord_game_utils-1.zip: 85%
2024-04-27T15:31:13.995Z [Modules] Streaming discord_game_utils@1 to /home/arch/.config/discord/0.0.51/modules/pending/discord_game_utils-1.zip: 86%
2024-04-27T15:31:14.009Z [Modules] Streaming discord_game_utils@1 to /home/arch/.config/discord/0.0.51/modules/pending/discord_game_utils-1.zip: 87%
2024-04-27T15:31:14.090Z [Modules] Streaming discord_game_utils@1 to /home/arch/.config/discord/0.0.51/modules/pending/discord_game_utils-1.zip: 88%
2024-04-27T15:31:14.135Z [Modules] Streaming discord_game_utils@1 to /home/arch/.config/discord/0.0.51/modules/pending/discord_game_utils-1.zip: 89%
2024-04-27T15:31:14.153Z [Modules] Streaming discord_game_utils@1 to /home/arch/.config/discord/0.0.51/modules/pending/discord_game_utils-1.zip: 90%
2024-04-27T15:31:14.156Z [Modules] Streaming discord_game_utils@1 to /home/arch/.config/discord/0.0.51/modules/pending/discord_game_utils-1.zip: 91%
2024-04-27T15:31:14.183Z [Modules] Streaming discord_game_utils@1 to /home/arch/.config/discord/0.0.51/modules/pending/discord_game_utils-1.zip: 92%
2024-04-27T15:31:14.193Z [Modules] Streaming discord_game_utils@1 to /home/arch/.config/discord/0.0.51/modules/pending/discord_game_utils-1.zip: 93%
2024-04-27T15:31:14.227Z [Modules] Streaming discord_game_utils@1 to /home/arch/.config/discord/0.0.51/modules/pending/discord_game_utils-1.zip: 94%
2024-04-27T15:31:14.251Z [Modules] Streaming discord_game_utils@1 to /home/arch/.config/discord/0.0.51/modules/pending/discord_game_utils-1.zip: 95%
2024-04-27T15:31:14.266Z [Modules] Streaming discord_game_utils@1 to /home/arch/.config/discord/0.0.51/modules/pending/discord_game_utils-1.zip: 96%
2024-04-27T15:31:14.292Z [Modules] Streaming discord_game_utils@1 to /home/arch/.config/discord/0.0.51/modules/pending/discord_game_utils-1.zip: 97%
2024-04-27T15:31:14.299Z [Modules] Streaming discord_game_utils@1 to /home/arch/.config/discord/0.0.51/modules/pending/discord_game_utils-1.zip: 98%
2024-04-27T15:31:14.351Z [Modules] Streaming discord_game_utils@1 to /home/arch/.config/discord/0.0.51/modules/pending/discord_game_utils-1.zip: 99%
2024-04-27T15:31:14.357Z [Modules] Streaming discord_game_utils@1 to /home/arch/.config/discord/0.0.51/modules/pending/discord_game_utils-1.zip: 100%
2024-04-27T15:31:14.360Z [Modules] Fetching discord_rpc@1 from https://discord.com/api/modules/stable/discord_rpc/1
2024-04-27T15:31:14.361Z [Modules] Streaming discord_rpc@1 to /home/arch/.config/discord/0.0.51/modules/pending/discord_rpc-1.zip
2024-04-27T15:31:14.361Z [Modules] Installing discord_game_utils@1 from /home/arch/.config/discord/0.0.51/modules/pending/discord_game_utils-1.zip
2024-04-27T15:31:14.453Z [Modules] Finished module installations. [success: 1] [failure: 0]
2024-04-27T15:31:15.008Z [Modules] Streaming discord_rpc@1 to /home/arch/.config/discord/0.0.51/modules/pending/discord_rpc-1.zip: 38%
2024-04-27T15:31:15.011Z [Modules] Streaming discord_rpc@1 to /home/arch/.config/discord/0.0.51/modules/pending/discord_rpc-1.zip: 75%
2024-04-27T15:31:15.016Z [Modules] Streaming discord_rpc@1 to /home/arch/.config/discord/0.0.51/modules/pending/discord_rpc-1.zip: 100%
2024-04-27T15:31:15.017Z [Modules] Finished module downloads. [success: 3] [failure: 0]
2024-04-27T15:31:15.018Z [Modules] Installing discord_rpc@1 from /home/arch/.config/discord/0.0.51/modules/pending/discord_rpc-1.zip
2024-04-27T15:31:15.044Z [Modules] Finished module installations. [success: 1] [failure: 0]
2024-04-27T16:30:50.404Z [Modules] Checking for host updates.
2024-04-27T16:30:51.164Z [Modules] Host is up to date.
2024-04-27T16:30:51.165Z [Modules] Checking for module updates at https://discord.com/api/modules/stable/versions.json
2024-04-27T16:30:51.763Z [Modules] No module updates available.
2024-04-27T17:30:50.404Z [Modules] Checking for host updates.
2024-04-27T17:30:51.237Z [Modules] Host is up to date.
2024-04-27T17:30:51.237Z [Modules] Checking for module updates at https://discord.com/api/modules/stable/versions.json
2024-04-27T17:30:51.546Z [Modules] No module updates available.
2024-04-27T18:30:50.404Z [Modules] Checking for host updates.
2024-04-27T18:30:57.810Z [Modules] Host is up to date.
2024-04-27T18:30:57.811Z [Modules] Checking for module updates at https://discord.com/api/modules/stable/versions.json
2024-04-27T18:30:58.116Z [Modules] No module updates available.
2024-04-28T16:19:34.882Z [Modules] Modules initializing
2024-04-28T16:19:34.882Z [Modules] Distribution: remote
2024-04-28T16:19:34.883Z [Modules] Host updates: enabled
2024-04-28T16:19:34.883Z [Modules] Module updates: enabled
2024-04-28T16:19:34.883Z [Modules] Module install path: /home/arch/.config/discord/0.0.51/modules
2024-04-28T16:19:34.883Z [Modules] Module installed file path: /home/arch/.config/discord/0.0.51/modules/installed.json
2024-04-28T16:19:34.884Z [Modules] Module download path: /home/arch/.config/discord/0.0.51/modules/pending
2024-04-28T16:19:35.289Z [Modules] No updates to install
2024-04-28T16:19:35.290Z [Modules] Checking for host updates.
2024-04-28T16:19:47.135Z [Modules] Host is up to date.
2024-04-28T16:19:47.136Z [Modules] Checking for module updates at https://discord.com/api/modules/stable/versions.json
2024-04-28T16:19:47.266Z [Modules] No module updates available.
2024-04-28T16:19:55.332Z [Modules] Checking for host updates.
2024-04-28T16:19:55.724Z [Modules] Host is up to date.
2024-04-28T16:19:55.724Z [Modules] Checking for module updates at https://discord.com/api/modules/stable/versions.json
2024-04-28T16:19:55.729Z [Modules] No module updates available.
2024-04-28T16:19:58.887Z [Modules] Checking for host updates.
2024-04-28T16:19:59.344Z [Modules] Host is up to date.
2024-04-28T16:19:59.344Z [Modules] Checking for module updates at https://discord.com/api/modules/stable/versions.json
2024-04-28T16:19:59.354Z [Modules] No module updates available.
2024-04-28T17:19:58.899Z [Modules] Checking for host updates.
2024-04-28T17:20:06.954Z [Modules] Host is up to date.
2024-04-28T17:20:06.954Z [Modules] Checking for module updates at https://discord.com/api/modules/stable/versions.json
2024-04-28T17:20:07.434Z [Modules] No module updates available.
2024-04-28T18:19:58.892Z [Modules] Checking for host updates.
2024-04-28T18:20:00.451Z [Modules] Host is up to date.
2024-04-28T18:20:00.451Z [Modules] Checking for module updates at https://discord.com/api/modules/stable/versions.json
2024-04-28T18:20:01.323Z [Modules] No module updates available.
2024-04-28T19:19:58.894Z [Modules] Checking for host updates.
2024-04-28T19:19:59.637Z [Modules] Host is up to date.
2024-04-28T19:19:59.637Z [Modules] Checking for module updates at https://discord.com/api/modules/stable/versions.json
2024-04-28T19:19:59.742Z [Modules] No module updates available.
2024-04-28T20:19:58.891Z [Modules] Checking for host updates.
2024-04-28T20:19:59.810Z [Modules] Host is up to date.
2024-04-28T20:19:59.810Z [Modules] Checking for module updates at https://discord.com/api/modules/stable/versions.json
2024-04-28T20:19:59.892Z [Modules] No module updates available.
