2024-04-27T15:29:22.652Z 0: 

----------------------------------------------
2024-04-27T15:29:22.693Z 1: Discord starting: {"releaseChannel":"stable","version":"0.0.51"}, modulepath: /home/arch/.config/discord/0.0.51/modules
2024-04-27T15:29:22.702Z 2: ✅ webContents.created web1 ""
2024-04-27T15:29:22.714Z 3: ✅ window.created win1 "discord"
2024-04-27T15:29:23.220Z 4: ✅ webContents.did-finish-load web1
2024-04-27T15:30:29.674Z 5: ✅ webContents.created web2 ""
2024-04-27T15:30:29.697Z 6: ✅ window.created win2 "Discord"
2024-04-27T15:30:44.493Z 7: ✅ webContents.did-finish-load web2
2024-04-27T15:30:44.585Z 8: window.close win1
2024-04-27T15:30:44.620Z 9: webContents.destroyed web1
2024-04-27T15:30:44.631Z 10: window.closed win1
2024-04-27T15:32:15.257Z 11: window.close win2
2024-04-27T15:32:27.864Z 12: window.close win2
2024-04-28T16:19:34.929Z 0: 

----------------------------------------------
2024-04-28T16:19:34.969Z 1: Discord starting: {"releaseChannel":"stable","version":"0.0.51"}, modulepath: /home/arch/.config/discord/0.0.51/modules
2024-04-28T16:19:35.002Z 2: ✅ webContents.created web1 ""
2024-04-28T16:19:35.013Z 3: ✅ window.created win1 "discord"
2024-04-28T16:19:35.393Z 4: ✅ webContents.did-finish-load web1
2024-04-28T16:19:47.462Z 5: ✅ webContents.created web2 ""
2024-04-28T16:19:47.477Z 6: ✅ window.created win2 "Discord"
2024-04-28T16:19:58.208Z 7: ✅ webContents.did-finish-load web2
2024-04-28T16:19:58.310Z 8: window.close win1
2024-04-28T16:19:58.347Z 9: webContents.destroyed web1
2024-04-28T16:19:58.364Z 10: window.closed win1
2024-04-28T20:42:43.090Z 11: window.close win2
2024-04-28T20:43:05.520Z 12: before-quit
