2024-05-14 04:49:06 Loading main app package /usr/lib/obsidian/obsidian.asar
2024-05-14 04:49:06 Checking for update using Github
2024-05-14 04:49:12 Success.
2024-05-14 04:49:12 Latest version is 1.5.12
2024-05-14 04:49:12 App is up to date.
2024-05-14 04:50:38 Loading main app package /usr/lib/obsidian/obsidian.asar
2024-05-14 04:50:38 Checking for update using Github
2024-05-14 04:50:38 Success.
2024-05-14 04:50:38 Latest version is 1.5.12
2024-05-14 04:50:38 App is up to date.
2024-05-14 05:50:38 Checking for update using Github
2024-05-14 05:50:44 Success.
2024-05-14 05:50:44 Latest version is 1.5.12
2024-05-14 05:50:44 App is up to date.
2024-05-14 06:50:38 Checking for update using Github
2024-05-14 06:50:39 Success.
2024-05-14 06:50:39 Latest version is 1.5.12
2024-05-14 06:50:39 App is up to date.
2024-05-14 07:50:38 Checking for update using Github
2024-05-14 07:50:39 Success.
2024-05-14 07:50:39 Latest version is 1.5.12
2024-05-14 07:50:39 App is up to date.
2024-05-14 08:50:38 Checking for update using Github
2024-05-14 08:50:39 Success.
2024-05-14 08:50:39 Latest version is 1.5.12
2024-05-14 08:50:39 App is up to date.
2024-05-14 09:50:38 Checking for update using Github
2024-05-14 09:50:39 Success.
2024-05-14 09:50:39 Latest version is 1.5.12
2024-05-14 09:50:39 App is up to date.
2024-05-14 10:50:38 Checking for update using Github
2024-05-14 10:50:39 Success.
2024-05-14 10:50:39 Latest version is 1.5.12
2024-05-14 10:50:39 App is up to date.
2024-05-14 11:50:39 Checking for update using Github
2024-05-14 11:50:39 Success.
2024-05-14 11:50:39 Latest version is 1.5.12
2024-05-14 11:50:39 App is up to date.
2024-05-14 12:50:39 Checking for update using Github
2024-05-14 12:50:39 Success.
2024-05-14 12:50:39 Latest version is 1.5.12
2024-05-14 12:50:39 App is up to date.
2024-05-14 13:50:39 Checking for update using Github
2024-05-14 13:50:39 Success.
2024-05-14 13:50:39 Latest version is 1.5.12
2024-05-14 13:50:39 App is up to date.
2024-05-14 14:50:39 Checking for update using Github
2024-05-14 14:50:39 Success.
2024-05-14 14:50:39 Latest version is 1.5.12
2024-05-14 14:50:39 App is up to date.
2024-05-14 15:50:39 Checking for update using Github
2024-05-14 15:50:39 Success.
2024-05-14 15:50:39 Latest version is 1.5.12
2024-05-14 15:50:39 App is up to date.
2024-05-14 16:50:39 Checking for update using Github
2024-05-14 16:50:39 Failed to check for update using Github (net::ERR_NAME_NOT_RESOLVED)
2024-05-14 16:50:39 Checking for update using obsidian.md
2024-05-14 16:50:39 Failed to check for update using obsidian.md (net::ERR_NAME_NOT_RESOLVED)
2024-05-14 17:50:39 Checking for update using Github
2024-05-14 17:50:39 Failed to check for update using Github (net::ERR_NAME_NOT_RESOLVED)
2024-05-14 17:50:39 Checking for update using obsidian.md
2024-05-14 17:50:39 Failed to check for update using obsidian.md (net::ERR_NAME_NOT_RESOLVED)
2024-05-14 18:50:39 Checking for update using Github
2024-05-14 18:50:45 Success.
2024-05-14 18:50:45 Latest version is 1.5.12
2024-05-14 18:50:45 App is up to date.
2024-05-14 19:50:39 Checking for update using Github
2024-05-14 19:50:40 Success.
2024-05-14 19:50:40 Latest version is 1.5.12
2024-05-14 19:50:40 App is up to date.
2024-05-15 05:17:50 Loading main app package /usr/lib/obsidian/obsidian.asar
2024-05-15 05:17:51 Checking for update using Github
2024-05-15 05:17:56 Success.
2024-05-15 05:17:56 Latest version is 1.5.12
2024-05-15 05:17:56 App is up to date.
2024-05-15 06:17:51 Checking for update using Github
2024-05-15 06:17:51 Success.
2024-05-15 06:17:51 Latest version is 1.5.12
2024-05-15 06:17:51 App is up to date.
2024-05-15 07:17:51 Checking for update using Github
2024-05-15 07:17:51 Success.
2024-05-15 07:17:51 Latest version is 1.5.12
2024-05-15 07:17:51 App is up to date.
2024-05-15 08:17:51 Checking for update using Github
2024-05-15 08:17:51 Success.
2024-05-15 08:17:51 Latest version is 1.5.12
2024-05-15 08:17:51 App is up to date.
2024-05-15 09:17:51 Checking for update using Github
2024-05-15 09:17:51 Success.
2024-05-15 09:17:51 Latest version is 1.5.12
2024-05-15 09:17:51 App is up to date.
2024-05-15 10:17:51 Checking for update using Github
2024-05-15 10:18:12 Success.
2024-05-15 10:18:12 Latest version is 1.5.12
2024-05-15 10:18:12 App is up to date.
2024-05-15 11:17:51 Checking for update using Github
2024-05-15 11:17:52 Success.
2024-05-15 11:17:52 Latest version is 1.5.12
2024-05-15 11:17:52 App is up to date.
2024-05-15 12:17:51 Checking for update using Github
2024-05-15 12:17:51 Success.
2024-05-15 12:17:51 Latest version is 1.5.12
2024-05-15 12:17:51 App is up to date.
2024-05-15 13:17:51 Checking for update using Github
2024-05-15 13:17:51 Success.
2024-05-15 13:17:51 Latest version is 1.5.12
2024-05-15 13:17:51 App is up to date.
2024-05-15 14:17:51 Checking for update using Github
2024-05-15 14:17:52 Success.
2024-05-15 14:17:52 Latest version is 1.5.12
2024-05-15 14:17:52 App is up to date.
2024-05-15 15:17:51 Checking for update using Github
2024-05-15 15:17:52 Success.
2024-05-15 15:17:52 Latest version is 1.5.12
2024-05-15 15:17:52 App is up to date.
2024-05-15 16:17:51 Checking for update using Github
2024-05-15 16:17:52 Success.
2024-05-15 16:17:52 Latest version is 1.5.12
2024-05-15 16:17:52 App is up to date.
2024-05-15 17:17:51 Checking for update using Github
2024-05-15 17:17:51 Failed to check for update using Github (net::ERR_NAME_NOT_RESOLVED)
2024-05-15 17:17:51 Checking for update using obsidian.md
2024-05-15 17:17:51 Failed to check for update using obsidian.md (net::ERR_NAME_NOT_RESOLVED)
2024-05-15 18:17:52 Checking for update using Github
2024-05-15 18:17:53 Success.
2024-05-15 18:17:53 Latest version is 1.5.12
2024-05-15 18:17:53 App is up to date.
2024-05-15 19:17:52 Checking for update using Github
2024-05-15 19:17:53 Success.
2024-05-15 19:17:53 Latest version is 1.5.12
2024-05-15 19:17:53 App is up to date.
2024-05-15 20:17:52 Checking for update using Github
2024-05-15 20:17:53 Success.
2024-05-15 20:17:53 Latest version is 1.5.12
2024-05-15 20:17:53 App is up to date.
2024-05-16 05:26:04 Loading main app package /usr/lib/obsidian/obsidian.asar
2024-05-16 05:26:04 Checking for update using Github
2024-05-16 05:26:10 Success.
2024-05-16 05:26:10 Latest version is 1.5.12
2024-05-16 05:26:10 App is up to date.
2024-05-16 06:26:04 Checking for update using Github
2024-05-16 06:26:10 Success.
2024-05-16 06:26:10 Latest version is 1.5.12
2024-05-16 06:26:10 App is up to date.
2024-05-16 07:26:04 Checking for update using Github
2024-05-16 07:26:05 Success.
2024-05-16 07:26:05 Latest version is 1.5.12
2024-05-16 07:26:05 App is up to date.
2024-05-16 08:26:04 Checking for update using Github
2024-05-16 08:26:05 Success.
2024-05-16 08:26:05 Latest version is 1.5.12
2024-05-16 08:26:05 App is up to date.
2024-05-16 09:26:04 Checking for update using Github
2024-05-16 09:26:05 Success.
2024-05-16 09:26:05 Latest version is 1.5.12
2024-05-16 09:26:05 App is up to date.
2024-05-16 10:26:04 Checking for update using Github
2024-05-16 10:26:05 Success.
2024-05-16 10:26:05 Latest version is 1.5.12
2024-05-16 10:26:05 App is up to date.
2024-05-16 11:26:05 Checking for update using Github
2024-05-16 11:26:05 Success.
2024-05-16 11:26:05 Latest version is 1.5.12
2024-05-16 11:26:05 App is up to date.
2024-05-16 12:26:05 Checking for update using Github
2024-05-16 12:26:06 Success.
2024-05-16 12:26:06 Latest version is 1.5.12
2024-05-16 12:26:06 App is up to date.
2024-05-16 13:26:05 Checking for update using Github
2024-05-16 13:26:07 Success.
2024-05-16 13:26:07 Latest version is 1.5.12
2024-05-16 13:26:07 App is up to date.
2024-05-16 14:26:05 Checking for update using Github
2024-05-16 14:26:05 Success.
2024-05-16 14:26:05 Latest version is 1.5.12
2024-05-16 14:26:05 App is up to date.
2024-05-16 15:26:05 Checking for update using Github
2024-05-16 15:26:06 Success.
2024-05-16 15:26:06 Latest version is 1.5.12
2024-05-16 15:26:06 App is up to date.
2024-05-16 16:26:05 Checking for update using Github
2024-05-16 16:26:06 Success.
2024-05-16 16:26:06 Latest version is 1.5.12
2024-05-16 16:26:06 App is up to date.
2024-05-16 17:26:05 Checking for update using Github
2024-05-16 17:26:05 Failed to check for update using Github (net::ERR_NAME_NOT_RESOLVED)
2024-05-16 17:26:05 Checking for update using obsidian.md
2024-05-16 17:26:05 Failed to check for update using obsidian.md (net::ERR_NAME_NOT_RESOLVED)
2024-05-16 18:26:05 Checking for update using Github
2024-05-16 18:26:05 Failed to check for update using Github (net::ERR_NAME_NOT_RESOLVED)
2024-05-16 18:26:05 Checking for update using obsidian.md
2024-05-16 18:26:05 Failed to check for update using obsidian.md (net::ERR_NAME_NOT_RESOLVED)
2024-05-16 19:26:05 Checking for update using Github
2024-05-16 19:26:06 Success.
2024-05-16 19:26:06 Latest version is 1.5.12
2024-05-16 19:26:06 App is up to date.
2024-05-16 20:26:05 Checking for update using Github
2024-05-16 20:26:06 Success.
2024-05-16 20:26:06 Latest version is 1.5.12
2024-05-16 20:26:06 App is up to date.
2024-05-17 09:57:46 Loading main app package /usr/lib/obsidian/obsidian.asar
2024-05-17 09:57:46 Checking for update using Github
2024-05-17 09:57:53 Success.
2024-05-17 09:57:53 Latest version is 1.5.12
2024-05-17 09:57:53 App is up to date.
2024-05-17 10:57:46 Checking for update using Github
2024-05-17 10:57:48 Success.
2024-05-17 10:57:48 Latest version is 1.5.12
2024-05-17 10:57:48 App is up to date.
2024-05-17 11:57:46 Checking for update using Github
2024-05-17 11:57:47 Success.
2024-05-17 11:57:47 Latest version is 1.5.12
2024-05-17 11:57:47 App is up to date.
2024-05-17 12:57:46 Checking for update using Github
2024-05-17 12:57:47 Success.
2024-05-17 12:57:47 Latest version is 1.5.12
2024-05-17 12:57:47 App is up to date.
2024-05-17 13:57:46 Checking for update using Github
2024-05-17 13:57:47 Success.
2024-05-17 13:57:47 Latest version is 1.5.12
2024-05-17 13:57:47 App is up to date.
2024-05-17 14:57:46 Checking for update using Github
2024-05-17 14:57:47 Success.
2024-05-17 14:57:47 Latest version is 1.5.12
2024-05-17 14:57:47 App is up to date.
2024-05-17 15:57:47 Checking for update using Github
2024-05-17 15:57:47 Success.
2024-05-17 15:57:47 Latest version is 1.5.12
2024-05-17 15:57:47 App is up to date.
2024-05-17 16:57:47 Checking for update using Github
2024-05-17 16:57:47 Success.
2024-05-17 16:57:47 Latest version is 1.5.12
2024-05-17 16:57:47 App is up to date.
2024-05-17 17:57:47 Checking for update using Github
2024-05-17 17:57:47 Success.
2024-05-17 17:57:47 Latest version is 1.5.12
2024-05-17 17:57:47 App is up to date.
2024-05-17 18:57:47 Checking for update using Github
2024-05-17 18:57:52 Success.
2024-05-17 18:57:52 Latest version is 1.5.12
2024-05-17 18:57:52 App is up to date.
2024-05-17 19:57:47 Checking for update using Github
2024-05-17 19:57:47 Success.
2024-05-17 19:57:47 Latest version is 1.5.12
2024-05-17 19:57:47 App is up to date.
2024-05-18 19:23:56 Loading main app package /usr/lib/obsidian/obsidian.asar
2024-05-18 19:23:56 Checking for update using Github
2024-05-18 19:24:02 Success.
2024-05-18 19:24:02 Latest version is 1.5.12
2024-05-18 19:24:02 App is up to date.
2024-05-19 05:40:32 Loading main app package /usr/lib/obsidian/obsidian.asar
2024-05-19 05:40:33 Checking for update using Github
2024-05-19 05:40:38 Success.
2024-05-19 05:40:38 Latest version is 1.5.12
2024-05-19 05:40:38 App is up to date.
2024-05-19 07:01:49 Loading main app package /usr/lib/obsidian/obsidian.asar
2024-05-19 07:01:49 Checking for update using Github
2024-05-19 07:01:55 Success.
2024-05-19 07:01:55 Latest version is 1.5.12
2024-05-19 07:01:55 App is up to date.
2024-05-19 08:01:49 Checking for update using Github
2024-05-19 08:01:50 Success.
2024-05-19 08:01:50 Latest version is 1.5.12
2024-05-19 08:01:50 App is up to date.
2024-05-19 09:01:49 Checking for update using Github
2024-05-19 09:01:50 Success.
2024-05-19 09:01:50 Latest version is 1.5.12
2024-05-19 09:01:50 App is up to date.
2024-05-19 10:01:49 Checking for update using Github
2024-05-19 10:01:50 Success.
2024-05-19 10:01:50 Latest version is 1.5.12
2024-05-19 10:01:50 App is up to date.
2024-05-19 11:01:49 Checking for update using Github
2024-05-19 11:01:50 Success.
2024-05-19 11:01:50 Latest version is 1.5.12
2024-05-19 11:01:50 App is up to date.
2024-05-19 12:01:50 Checking for update using Github
2024-05-19 12:01:56 Success.
2024-05-19 12:01:56 Latest version is 1.5.12
2024-05-19 12:01:56 App is up to date.
2024-05-19 13:01:50 Checking for update using Github
2024-05-19 13:01:51 Success.
2024-05-19 13:01:51 Latest version is 1.5.12
2024-05-19 13:01:51 App is up to date.
2024-05-19 14:01:50 Checking for update using Github
2024-05-19 14:01:51 Success.
2024-05-19 14:01:51 Latest version is 1.5.12
2024-05-19 14:01:51 App is up to date.
2024-05-19 15:01:50 Checking for update using Github
2024-05-19 15:01:51 Success.
2024-05-19 15:01:51 Latest version is 1.5.12
2024-05-19 15:01:51 App is up to date.
2024-05-19 16:01:50 Checking for update using Github
2024-05-19 16:01:51 Success.
2024-05-19 16:01:51 Latest version is 1.5.12
2024-05-19 16:01:51 App is up to date.
2024-05-19 17:01:50 Checking for update using Github
2024-05-19 17:02:05 Success.
2024-05-19 17:02:05 Latest version is 1.5.12
2024-05-19 17:02:05 App is up to date.
2024-05-19 18:01:50 Checking for update using Github
2024-05-19 18:01:51 Success.
2024-05-19 18:01:51 Latest version is 1.5.12
2024-05-19 18:01:51 App is up to date.
